{"/home/divya/Downloads/TestGenerationHW/TestGeneration/test.js":{"path":"/home/divya/Downloads/TestGenerationHW/TestGeneration/test.js","s":{"1":1,"2":1,"3":1,"4":1,"5":1,"6":1,"7":1,"8":1,"9":1,"10":1,"11":1,"12":1,"13":1,"14":1,"15":1,"16":1,"17":1,"18":1,"19":1,"20":1,"21":1,"22":1,"23":1,"24":1,"25":1,"26":1,"27":1,"28":1,"29":1,"30":1,"31":1,"32":1,"33":1,"34":1,"35":1,"36":1,"37":1,"38":1,"39":1,"40":1,"41":1,"42":1,"43":1,"44":1,"45":1,"46":1,"47":1,"48":1,"49":1,"50":1,"51":1,"52":1,"53":1,"54":1,"55":1,"56":1,"57":1,"58":1,"59":1,"60":1,"61":1,"62":1,"63":1,"64":1,"65":1,"66":1,"67":1,"68":1,"69":1,"70":1,"71":1,"72":1,"73":1,"74":1,"75":1,"76":1,"77":1,"78":1,"79":1,"80":1,"81":1,"82":1,"83":1,"84":1,"85":1,"86":1,"87":1,"88":1,"89":1,"90":1,"91":1,"92":1,"93":1,"94":1,"95":1,"96":1,"97":1,"98":1,"99":1,"100":1,"101":1,"102":1,"103":1,"104":1,"105":1,"106":1,"107":1,"108":1,"109":1,"110":1,"111":1,"112":1,"113":1,"114":1,"115":1,"116":1,"117":1,"118":1,"119":1,"120":1,"121":1,"122":1,"123":1,"124":1,"125":1,"126":1,"127":1,"128":1,"129":1,"130":1,"131":1,"132":1,"133":1,"134":1,"135":1,"136":1,"137":1,"138":1,"139":1,"140":1,"141":1,"142":1,"143":1,"144":1,"145":1,"146":1,"147":1,"148":1,"149":1,"150":1,"151":1,"152":1,"153":1,"154":1,"155":1,"156":1,"157":1,"158":1,"159":1,"160":1,"161":1,"162":1,"163":1,"164":1,"165":1,"166":1,"167":1,"168":1,"169":1,"170":1,"171":1,"172":1,"173":1,"174":1,"175":1,"176":1,"177":1,"178":1,"179":1,"180":1,"181":1,"182":1,"183":1,"184":1,"185":1,"186":1,"187":1,"188":1,"189":1,"190":1,"191":1,"192":1,"193":1,"194":1,"195":1,"196":1,"197":1,"198":1,"199":1,"200":1,"201":1,"202":1,"203":1,"204":1,"205":1,"206":1,"207":1,"208":1,"209":1,"210":1,"211":1,"212":1,"213":1,"214":1,"215":1,"216":1,"217":1,"218":1,"219":1,"220":1,"221":1,"222":1,"223":1,"224":1,"225":1,"226":1,"227":1,"228":1,"229":1,"230":1,"231":1,"232":1,"233":1,"234":1,"235":1,"236":1,"237":1,"238":1,"239":1,"240":1,"241":1,"242":1,"243":1,"244":1,"245":1,"246":1,"247":1,"248":1,"249":1,"250":1,"251":1,"252":1,"253":1,"254":1,"255":1,"256":1,"257":1,"258":1,"259":1,"260":1,"261":1,"262":1,"263":1,"264":1,"265":1,"266":1,"267":1,"268":1,"269":1,"270":1,"271":1,"272":1,"273":1,"274":1,"275":1,"276":1,"277":1,"278":1,"279":1,"280":1,"281":1,"282":1,"283":1,"284":1,"285":1,"286":1,"287":1,"288":1,"289":1,"290":1,"291":1,"292":1,"293":1,"294":1,"295":1,"296":1,"297":1,"298":1,"299":1,"300":1,"301":1,"302":1,"303":1,"304":1,"305":1,"306":1,"307":1,"308":1,"309":1,"310":1,"311":1,"312":1,"313":1,"314":1,"315":1,"316":1,"317":1,"318":1,"319":1,"320":1,"321":1,"322":1,"323":1,"324":1,"325":1,"326":1,"327":1,"328":1,"329":1,"330":1,"331":1,"332":1,"333":1,"334":1,"335":1,"336":1,"337":1,"338":1,"339":1,"340":1,"341":1,"342":1,"343":1,"344":1,"345":1,"346":1,"347":1,"348":1,"349":1,"350":1,"351":1,"352":1,"353":1,"354":1,"355":1,"356":1,"357":1,"358":1,"359":1,"360":1,"361":1,"362":1,"363":1,"364":1,"365":1,"366":1,"367":1,"368":1,"369":1,"370":1,"371":1,"372":1,"373":1,"374":1,"375":1,"376":1,"377":1,"378":1,"379":1,"380":1,"381":1,"382":1,"383":1,"384":1,"385":1,"386":1,"387":1,"388":1,"389":1,"390":1,"391":1,"392":1,"393":1,"394":1,"395":1,"396":1,"397":1,"398":1,"399":1,"400":1,"401":1,"402":1,"403":1,"404":1,"405":1,"406":1,"407":1,"408":1,"409":1,"410":1,"411":1,"412":1,"413":1,"414":1,"415":1,"416":1,"417":1,"418":1,"419":1,"420":1,"421":1,"422":1,"423":1,"424":1,"425":1,"426":1,"427":1,"428":1,"429":1,"430":1,"431":1,"432":1,"433":1,"434":1,"435":1,"436":1,"437":1,"438":1,"439":1,"440":1,"441":1,"442":1,"443":1,"444":1,"445":1,"446":1,"447":1,"448":1,"449":1,"450":1,"451":1,"452":1,"453":1,"454":1,"455":1,"456":1,"457":1,"458":1,"459":1,"460":1,"461":1,"462":1,"463":1,"464":1,"465":1,"466":1,"467":1,"468":1,"469":1,"470":1,"471":1,"472":1,"473":1,"474":1,"475":1,"476":1,"477":1,"478":1,"479":1,"480":1,"481":1,"482":1,"483":1,"484":1,"485":1,"486":1,"487":1,"488":1,"489":1,"490":1,"491":1,"492":1,"493":1,"494":1,"495":1,"496":1,"497":1,"498":1,"499":1,"500":1,"501":1,"502":1,"503":1,"504":1,"505":1,"506":1,"507":1,"508":1,"509":1,"510":1,"511":1,"512":1,"513":1,"514":1,"515":1,"516":1,"517":1,"518":1,"519":1,"520":1,"521":1,"522":1,"523":1,"524":1,"525":1,"526":1,"527":1,"528":1,"529":1,"530":1,"531":1,"532":1,"533":1,"534":1,"535":1,"536":1,"537":1,"538":1,"539":1,"540":1,"541":1,"542":1,"543":1,"544":1,"545":1,"546":1,"547":1,"548":1,"549":1,"550":1,"551":1,"552":1,"553":1,"554":1,"555":1,"556":1,"557":1,"558":1,"559":1,"560":1,"561":1,"562":1,"563":1,"564":1,"565":1,"566":1,"567":1,"568":1,"569":1,"570":1,"571":1,"572":1,"573":1,"574":1,"575":1,"576":1,"577":1,"578":1,"579":1,"580":1,"581":1,"582":1,"583":1,"584":1,"585":1,"586":1,"587":1,"588":1,"589":1,"590":1,"591":1,"592":1,"593":1,"594":1,"595":1,"596":1,"597":1,"598":1,"599":1,"600":1,"601":1,"602":1,"603":1,"604":1,"605":1,"606":1,"607":1,"608":1,"609":1,"610":1,"611":1,"612":1,"613":1,"614":1,"615":1,"616":1,"617":1,"618":1,"619":1,"620":1,"621":1,"622":1,"623":1,"624":1,"625":1,"626":1,"627":1,"628":1,"629":1,"630":1,"631":1,"632":1,"633":1,"634":1,"635":1,"636":1,"637":1,"638":1,"639":1,"640":1,"641":1,"642":1,"643":1,"644":1,"645":1,"646":1,"647":1,"648":1,"649":1,"650":1,"651":1,"652":1,"653":1,"654":1,"655":1,"656":1,"657":1,"658":1,"659":1,"660":1,"661":1,"662":1,"663":1,"664":1,"665":1,"666":1,"667":1,"668":1,"669":1,"670":1,"671":1,"672":1,"673":1,"674":1,"675":1,"676":1,"677":1,"678":1,"679":1,"680":1,"681":1,"682":1,"683":1,"684":1,"685":1,"686":1,"687":1,"688":1,"689":1,"690":1,"691":1,"692":1,"693":1,"694":1,"695":1,"696":1,"697":1,"698":1,"699":1,"700":1,"701":1,"702":1,"703":1,"704":1,"705":1,"706":1,"707":1,"708":1,"709":1,"710":1,"711":1,"712":1,"713":1,"714":1,"715":1,"716":1,"717":1,"718":1,"719":1,"720":1,"721":1,"722":1,"723":1,"724":1,"725":1,"726":1,"727":1,"728":1,"729":1,"730":1,"731":1,"732":1,"733":1,"734":1,"735":1,"736":1,"737":1,"738":1,"739":1,"740":1,"741":1,"742":1,"743":1,"744":1,"745":1,"746":1,"747":1,"748":1,"749":1,"750":1,"751":1,"752":1,"753":1,"754":1,"755":1,"756":1,"757":1,"758":1,"759":1,"760":1,"761":1,"762":1,"763":1,"764":1,"765":1,"766":1,"767":1,"768":1,"769":1,"770":1,"771":1,"772":1,"773":1,"774":1,"775":1,"776":1,"777":1,"778":1,"779":1,"780":1,"781":1,"782":1,"783":1,"784":1,"785":1,"786":1,"787":1,"788":1,"789":1,"790":1,"791":1,"792":1,"793":1,"794":1,"795":1,"796":1,"797":1,"798":1,"799":1,"800":1,"801":1,"802":1,"803":1,"804":1,"805":1,"806":1,"807":1,"808":1,"809":1,"810":1,"811":1,"812":1,"813":1,"814":1,"815":1,"816":1,"817":1,"818":1,"819":1,"820":1,"821":1,"822":1,"823":1,"824":1,"825":1,"826":1,"827":1,"828":1,"829":1,"830":1,"831":1,"832":1,"833":1,"834":1,"835":1,"836":1,"837":1,"838":1,"839":1,"840":1,"841":1,"842":1,"843":1,"844":1,"845":1,"846":1,"847":1,"848":1,"849":1,"850":1,"851":1,"852":1,"853":1,"854":1,"855":1,"856":1,"857":1,"858":1,"859":1,"860":1,"861":1,"862":1,"863":1,"864":1,"865":1,"866":1,"867":1,"868":1,"869":1,"870":1,"871":1,"872":1,"873":1,"874":1,"875":1,"876":1,"877":1,"878":1,"879":1,"880":1,"881":1,"882":1,"883":1,"884":1,"885":1,"886":1,"887":1,"888":1,"889":1,"890":1,"891":1,"892":1,"893":1,"894":1,"895":1,"896":1,"897":1,"898":1,"899":1,"900":1,"901":1,"902":1,"903":1,"904":1,"905":1,"906":1,"907":1,"908":1,"909":1,"910":1,"911":1,"912":1,"913":1,"914":1,"915":1,"916":1,"917":1,"918":1,"919":1,"920":1,"921":1,"922":1,"923":1,"924":1,"925":1,"926":1,"927":1,"928":1,"929":1,"930":1,"931":1,"932":1,"933":1,"934":1,"935":1,"936":1,"937":1,"938":1,"939":1,"940":1,"941":1,"942":1,"943":1,"944":1,"945":1,"946":1,"947":1,"948":1,"949":1,"950":1,"951":1,"952":1,"953":1,"954":1,"955":1,"956":1,"957":1,"958":1,"959":1,"960":1,"961":1,"962":1,"963":1,"964":1,"965":1,"966":1,"967":1,"968":1,"969":1,"970":1,"971":1,"972":1,"973":1,"974":1,"975":1,"976":1,"977":1,"978":1,"979":1,"980":1,"981":1,"982":1,"983":1,"984":1,"985":1,"986":1,"987":1,"988":1,"989":1,"990":1,"991":1,"992":1,"993":1,"994":1,"995":1,"996":1,"997":1,"998":1,"999":1,"1000":1,"1001":1,"1002":1,"1003":1,"1004":1,"1005":1,"1006":1,"1007":1,"1008":1,"1009":1,"1010":1,"1011":1,"1012":1,"1013":1,"1014":1,"1015":1,"1016":1,"1017":1,"1018":1,"1019":1,"1020":1,"1021":1,"1022":1,"1023":1,"1024":1,"1025":1,"1026":1,"1027":1,"1028":1,"1029":1,"1030":1,"1031":1,"1032":1,"1033":1,"1034":1,"1035":1,"1036":1,"1037":1,"1038":1,"1039":1,"1040":1,"1041":1,"1042":1,"1043":1,"1044":1,"1045":1,"1046":1,"1047":1,"1048":1,"1049":1,"1050":1,"1051":1,"1052":1,"1053":1,"1054":1,"1055":1,"1056":1,"1057":1,"1058":1,"1059":1,"1060":1,"1061":1,"1062":1,"1063":1,"1064":1,"1065":1,"1066":1,"1067":1,"1068":1,"1069":1,"1070":1,"1071":1,"1072":1,"1073":1,"1074":1,"1075":1,"1076":1,"1077":1,"1078":1,"1079":1,"1080":1,"1081":1,"1082":1,"1083":1,"1084":1,"1085":1,"1086":1,"1087":1,"1088":1,"1089":1,"1090":1,"1091":1,"1092":1,"1093":1,"1094":1,"1095":1,"1096":1,"1097":1,"1098":1,"1099":1,"1100":1,"1101":1,"1102":1,"1103":1,"1104":1,"1105":1,"1106":1,"1107":1,"1108":1,"1109":1,"1110":1,"1111":1,"1112":1,"1113":1,"1114":1,"1115":1,"1116":1,"1117":1,"1118":1,"1119":1,"1120":1,"1121":1,"1122":1,"1123":1,"1124":1,"1125":1,"1126":1,"1127":1,"1128":1,"1129":1,"1130":1,"1131":1,"1132":1,"1133":1,"1134":1,"1135":1,"1136":1,"1137":1,"1138":1,"1139":1,"1140":1,"1141":1,"1142":1,"1143":1,"1144":1,"1145":1,"1146":1,"1147":1,"1148":1,"1149":1,"1150":1,"1151":1,"1152":1,"1153":1,"1154":1,"1155":1,"1156":1,"1157":1,"1158":1,"1159":1,"1160":1,"1161":1,"1162":1,"1163":1,"1164":1,"1165":1,"1166":1,"1167":1,"1168":1,"1169":1,"1170":1,"1171":1,"1172":1,"1173":1,"1174":1,"1175":1,"1176":1,"1177":1,"1178":1,"1179":1,"1180":1,"1181":1,"1182":1,"1183":1,"1184":1,"1185":1,"1186":1,"1187":1,"1188":1,"1189":1,"1190":1,"1191":1,"1192":1,"1193":1,"1194":1,"1195":1,"1196":1,"1197":1,"1198":1,"1199":1,"1200":1,"1201":1,"1202":1,"1203":1,"1204":1,"1205":1,"1206":1,"1207":1,"1208":1,"1209":1,"1210":1,"1211":1,"1212":1,"1213":1,"1214":1,"1215":1,"1216":1,"1217":1,"1218":1,"1219":1,"1220":1,"1221":1,"1222":1,"1223":1,"1224":1,"1225":1,"1226":1,"1227":1,"1228":1,"1229":1,"1230":1,"1231":1,"1232":1,"1233":1,"1234":1,"1235":1,"1236":1,"1237":1,"1238":1,"1239":1,"1240":1,"1241":1,"1242":1,"1243":1,"1244":1,"1245":1,"1246":1,"1247":1,"1248":1,"1249":1,"1250":1,"1251":1,"1252":1,"1253":1,"1254":1,"1255":1,"1256":1,"1257":1,"1258":1,"1259":1,"1260":1,"1261":1,"1262":1,"1263":1,"1264":1,"1265":1,"1266":1,"1267":1,"1268":1,"1269":1,"1270":1,"1271":1,"1272":1,"1273":1,"1274":1,"1275":1,"1276":1,"1277":1,"1278":1,"1279":1,"1280":1,"1281":1,"1282":1,"1283":1,"1284":1,"1285":1,"1286":1,"1287":1,"1288":1,"1289":1,"1290":1,"1291":1,"1292":1,"1293":1,"1294":1,"1295":1,"1296":1,"1297":1,"1298":1,"1299":1,"1300":1,"1301":1,"1302":1,"1303":1,"1304":1,"1305":1,"1306":1,"1307":1,"1308":1,"1309":1,"1310":1,"1311":1,"1312":1,"1313":1,"1314":1,"1315":1,"1316":1,"1317":1,"1318":1,"1319":1,"1320":1,"1321":1,"1322":1,"1323":1,"1324":1,"1325":1,"1326":1,"1327":1,"1328":1,"1329":1,"1330":1,"1331":1,"1332":1,"1333":1,"1334":1,"1335":1,"1336":1,"1337":1,"1338":1,"1339":1,"1340":1,"1341":1,"1342":1,"1343":1,"1344":1,"1345":1,"1346":1,"1347":1,"1348":1,"1349":1,"1350":1,"1351":1,"1352":1,"1353":1,"1354":1,"1355":1,"1356":1,"1357":1,"1358":1,"1359":1,"1360":1,"1361":1,"1362":1,"1363":1,"1364":1,"1365":1,"1366":1,"1367":1,"1368":1,"1369":1,"1370":1,"1371":1,"1372":1,"1373":1,"1374":1,"1375":1,"1376":1,"1377":1,"1378":1,"1379":1,"1380":1,"1381":1,"1382":1,"1383":1,"1384":1,"1385":1,"1386":1,"1387":1,"1388":1,"1389":1,"1390":1,"1391":1,"1392":1,"1393":1,"1394":1,"1395":1,"1396":1,"1397":1,"1398":1,"1399":1,"1400":1,"1401":1,"1402":1,"1403":1,"1404":1,"1405":1,"1406":1,"1407":1,"1408":1,"1409":1,"1410":1,"1411":1,"1412":1,"1413":1,"1414":1,"1415":1,"1416":1,"1417":1,"1418":1,"1419":1,"1420":1,"1421":1,"1422":1,"1423":1,"1424":1,"1425":1,"1426":1,"1427":1,"1428":1,"1429":1,"1430":1,"1431":1,"1432":1,"1433":1,"1434":1,"1435":1,"1436":1,"1437":1,"1438":1,"1439":1,"1440":1,"1441":1,"1442":1,"1443":1,"1444":1,"1445":1,"1446":1,"1447":1,"1448":1,"1449":1,"1450":1,"1451":1,"1452":1,"1453":1,"1454":1,"1455":1,"1456":1,"1457":1,"1458":1,"1459":1,"1460":1,"1461":1,"1462":1,"1463":1,"1464":1,"1465":1,"1466":1,"1467":1,"1468":1,"1469":1,"1470":1,"1471":1,"1472":1,"1473":1,"1474":1,"1475":1,"1476":1,"1477":1,"1478":1,"1479":1,"1480":1,"1481":1,"1482":1,"1483":1,"1484":1,"1485":1,"1486":1,"1487":1,"1488":1,"1489":1,"1490":1,"1491":1,"1492":1,"1493":1,"1494":1,"1495":1,"1496":1,"1497":1,"1498":1,"1499":1,"1500":1,"1501":1,"1502":1,"1503":1,"1504":1,"1505":1,"1506":1,"1507":1,"1508":1,"1509":1,"1510":1,"1511":1,"1512":1,"1513":1,"1514":1,"1515":1,"1516":1,"1517":1,"1518":1,"1519":1,"1520":1,"1521":1,"1522":1,"1523":1,"1524":1,"1525":1,"1526":1,"1527":1,"1528":1,"1529":1,"1530":1,"1531":1,"1532":1,"1533":1,"1534":1,"1535":1,"1536":1,"1537":1,"1538":1,"1539":1,"1540":1,"1541":1,"1542":1,"1543":1,"1544":1,"1545":1,"1546":1,"1547":1,"1548":1,"1549":1,"1550":1,"1551":1,"1552":1,"1553":1,"1554":1},"b":{},"f":{},"fnMap":{},"statementMap":{"1":{"start":{"line":1,"column":0},"end":{"line":1,"column":37}},"2":{"start":{"line":2,"column":0},"end":{"line":2,"column":30}},"3":{"start":{"line":3,"column":0},"end":{"line":3,"column":25}},"4":{"start":{"line":4,"column":0},"end":{"line":4,"column":26}},"5":{"start":{"line":5,"column":0},"end":{"line":5,"column":25}},"6":{"start":{"line":6,"column":0},"end":{"line":6,"column":27}},"7":{"start":{"line":7,"column":0},"end":{"line":7,"column":25}},"8":{"start":{"line":8,"column":0},"end":{"line":8,"column":26}},"9":{"start":{"line":9,"column":0},"end":{"line":9,"column":18}},"10":{"start":{"line":10,"column":0},"end":{"line":10,"column":19}},"11":{"start":{"line":11,"column":0},"end":{"line":11,"column":18}},"12":{"start":{"line":12,"column":0},"end":{"line":12,"column":20}},"13":{"start":{"line":13,"column":0},"end":{"line":13,"column":18}},"14":{"start":{"line":14,"column":0},"end":{"line":14,"column":19}},"15":{"start":{"line":15,"column":0},"end":{"line":15,"column":33}},"16":{"start":{"line":16,"column":0},"end":{"line":16,"column":33}},"17":{"start":{"line":17,"column":0},"end":{"line":17,"column":33}},"18":{"start":{"line":18,"column":0},"end":{"line":18,"column":35}},"19":{"start":{"line":19,"column":0},"end":{"line":19,"column":33}},"20":{"start":{"line":20,"column":0},"end":{"line":20,"column":34}},"21":{"start":{"line":21,"column":0},"end":{"line":21,"column":34}},"22":{"start":{"line":22,"column":0},"end":{"line":22,"column":34}},"23":{"start":{"line":23,"column":0},"end":{"line":23,"column":34}},"24":{"start":{"line":24,"column":0},"end":{"line":24,"column":36}},"25":{"start":{"line":25,"column":0},"end":{"line":25,"column":34}},"26":{"start":{"line":26,"column":0},"end":{"line":26,"column":35}},"27":{"start":{"line":27,"column":0},"end":{"line":27,"column":33}},"28":{"start":{"line":28,"column":0},"end":{"line":28,"column":33}},"29":{"start":{"line":29,"column":0},"end":{"line":29,"column":33}},"30":{"start":{"line":30,"column":0},"end":{"line":30,"column":35}},"31":{"start":{"line":31,"column":0},"end":{"line":31,"column":33}},"32":{"start":{"line":32,"column":0},"end":{"line":32,"column":34}},"33":{"start":{"line":33,"column":0},"end":{"line":33,"column":35}},"34":{"start":{"line":34,"column":0},"end":{"line":34,"column":35}},"35":{"start":{"line":35,"column":0},"end":{"line":35,"column":35}},"36":{"start":{"line":36,"column":0},"end":{"line":36,"column":37}},"37":{"start":{"line":37,"column":0},"end":{"line":37,"column":35}},"38":{"start":{"line":38,"column":0},"end":{"line":38,"column":36}},"39":{"start":{"line":39,"column":0},"end":{"line":39,"column":33}},"40":{"start":{"line":40,"column":0},"end":{"line":40,"column":33}},"41":{"start":{"line":41,"column":0},"end":{"line":41,"column":33}},"42":{"start":{"line":42,"column":0},"end":{"line":42,"column":35}},"43":{"start":{"line":43,"column":0},"end":{"line":43,"column":33}},"44":{"start":{"line":44,"column":0},"end":{"line":44,"column":34}},"45":{"start":{"line":45,"column":0},"end":{"line":45,"column":34}},"46":{"start":{"line":46,"column":0},"end":{"line":46,"column":34}},"47":{"start":{"line":47,"column":0},"end":{"line":47,"column":34}},"48":{"start":{"line":48,"column":0},"end":{"line":48,"column":36}},"49":{"start":{"line":49,"column":0},"end":{"line":49,"column":34}},"50":{"start":{"line":50,"column":0},"end":{"line":50,"column":35}},"51":{"start":{"line":51,"column":0},"end":{"line":51,"column":33}},"52":{"start":{"line":52,"column":0},"end":{"line":52,"column":33}},"53":{"start":{"line":53,"column":0},"end":{"line":53,"column":33}},"54":{"start":{"line":54,"column":0},"end":{"line":54,"column":35}},"55":{"start":{"line":55,"column":0},"end":{"line":55,"column":33}},"56":{"start":{"line":56,"column":0},"end":{"line":56,"column":34}},"57":{"start":{"line":57,"column":0},"end":{"line":57,"column":34}},"58":{"start":{"line":58,"column":0},"end":{"line":58,"column":34}},"59":{"start":{"line":59,"column":0},"end":{"line":59,"column":34}},"60":{"start":{"line":60,"column":0},"end":{"line":60,"column":36}},"61":{"start":{"line":61,"column":0},"end":{"line":61,"column":34}},"62":{"start":{"line":62,"column":0},"end":{"line":62,"column":35}},"63":{"start":{"line":63,"column":0},"end":{"line":63,"column":33}},"64":{"start":{"line":64,"column":0},"end":{"line":64,"column":33}},"65":{"start":{"line":65,"column":0},"end":{"line":65,"column":33}},"66":{"start":{"line":66,"column":0},"end":{"line":66,"column":35}},"67":{"start":{"line":67,"column":0},"end":{"line":67,"column":33}},"68":{"start":{"line":68,"column":0},"end":{"line":68,"column":34}},"69":{"start":{"line":69,"column":0},"end":{"line":69,"column":35}},"70":{"start":{"line":70,"column":0},"end":{"line":70,"column":35}},"71":{"start":{"line":71,"column":0},"end":{"line":71,"column":35}},"72":{"start":{"line":72,"column":0},"end":{"line":72,"column":37}},"73":{"start":{"line":73,"column":0},"end":{"line":73,"column":35}},"74":{"start":{"line":74,"column":0},"end":{"line":74,"column":36}},"75":{"start":{"line":75,"column":0},"end":{"line":75,"column":33}},"76":{"start":{"line":76,"column":0},"end":{"line":76,"column":33}},"77":{"start":{"line":77,"column":0},"end":{"line":77,"column":33}},"78":{"start":{"line":78,"column":0},"end":{"line":78,"column":35}},"79":{"start":{"line":79,"column":0},"end":{"line":79,"column":33}},"80":{"start":{"line":80,"column":0},"end":{"line":80,"column":34}},"81":{"start":{"line":81,"column":0},"end":{"line":81,"column":34}},"82":{"start":{"line":82,"column":0},"end":{"line":82,"column":34}},"83":{"start":{"line":83,"column":0},"end":{"line":83,"column":34}},"84":{"start":{"line":84,"column":0},"end":{"line":84,"column":36}},"85":{"start":{"line":85,"column":0},"end":{"line":85,"column":34}},"86":{"start":{"line":86,"column":0},"end":{"line":86,"column":35}},"87":{"start":{"line":87,"column":0},"end":{"line":87,"column":33}},"88":{"start":{"line":88,"column":0},"end":{"line":88,"column":33}},"89":{"start":{"line":89,"column":0},"end":{"line":89,"column":33}},"90":{"start":{"line":90,"column":0},"end":{"line":90,"column":35}},"91":{"start":{"line":91,"column":0},"end":{"line":91,"column":33}},"92":{"start":{"line":92,"column":0},"end":{"line":92,"column":34}},"93":{"start":{"line":93,"column":0},"end":{"line":93,"column":34}},"94":{"start":{"line":94,"column":0},"end":{"line":94,"column":34}},"95":{"start":{"line":95,"column":0},"end":{"line":95,"column":34}},"96":{"start":{"line":96,"column":0},"end":{"line":96,"column":36}},"97":{"start":{"line":97,"column":0},"end":{"line":97,"column":34}},"98":{"start":{"line":98,"column":0},"end":{"line":98,"column":35}},"99":{"start":{"line":99,"column":0},"end":{"line":99,"column":33}},"100":{"start":{"line":100,"column":0},"end":{"line":100,"column":33}},"101":{"start":{"line":101,"column":0},"end":{"line":101,"column":33}},"102":{"start":{"line":102,"column":0},"end":{"line":102,"column":35}},"103":{"start":{"line":103,"column":0},"end":{"line":103,"column":33}},"104":{"start":{"line":104,"column":0},"end":{"line":104,"column":34}},"105":{"start":{"line":105,"column":0},"end":{"line":105,"column":35}},"106":{"start":{"line":106,"column":0},"end":{"line":106,"column":35}},"107":{"start":{"line":107,"column":0},"end":{"line":107,"column":35}},"108":{"start":{"line":108,"column":0},"end":{"line":108,"column":37}},"109":{"start":{"line":109,"column":0},"end":{"line":109,"column":35}},"110":{"start":{"line":110,"column":0},"end":{"line":110,"column":36}},"111":{"start":{"line":111,"column":0},"end":{"line":111,"column":33}},"112":{"start":{"line":112,"column":0},"end":{"line":112,"column":33}},"113":{"start":{"line":113,"column":0},"end":{"line":113,"column":33}},"114":{"start":{"line":114,"column":0},"end":{"line":114,"column":35}},"115":{"start":{"line":115,"column":0},"end":{"line":115,"column":33}},"116":{"start":{"line":116,"column":0},"end":{"line":116,"column":34}},"117":{"start":{"line":117,"column":0},"end":{"line":117,"column":34}},"118":{"start":{"line":118,"column":0},"end":{"line":118,"column":34}},"119":{"start":{"line":119,"column":0},"end":{"line":119,"column":34}},"120":{"start":{"line":120,"column":0},"end":{"line":120,"column":36}},"121":{"start":{"line":121,"column":0},"end":{"line":121,"column":34}},"122":{"start":{"line":122,"column":0},"end":{"line":122,"column":35}},"123":{"start":{"line":123,"column":0},"end":{"line":123,"column":35}},"124":{"start":{"line":124,"column":0},"end":{"line":124,"column":35}},"125":{"start":{"line":125,"column":0},"end":{"line":125,"column":35}},"126":{"start":{"line":126,"column":0},"end":{"line":126,"column":37}},"127":{"start":{"line":127,"column":0},"end":{"line":127,"column":35}},"128":{"start":{"line":128,"column":0},"end":{"line":128,"column":36}},"129":{"start":{"line":129,"column":0},"end":{"line":129,"column":36}},"130":{"start":{"line":130,"column":0},"end":{"line":130,"column":36}},"131":{"start":{"line":131,"column":0},"end":{"line":131,"column":36}},"132":{"start":{"line":132,"column":0},"end":{"line":132,"column":38}},"133":{"start":{"line":133,"column":0},"end":{"line":133,"column":36}},"134":{"start":{"line":134,"column":0},"end":{"line":134,"column":37}},"135":{"start":{"line":135,"column":0},"end":{"line":135,"column":35}},"136":{"start":{"line":136,"column":0},"end":{"line":136,"column":35}},"137":{"start":{"line":137,"column":0},"end":{"line":137,"column":35}},"138":{"start":{"line":138,"column":0},"end":{"line":138,"column":37}},"139":{"start":{"line":139,"column":0},"end":{"line":139,"column":35}},"140":{"start":{"line":140,"column":0},"end":{"line":140,"column":36}},"141":{"start":{"line":141,"column":0},"end":{"line":141,"column":37}},"142":{"start":{"line":142,"column":0},"end":{"line":142,"column":37}},"143":{"start":{"line":143,"column":0},"end":{"line":143,"column":37}},"144":{"start":{"line":144,"column":0},"end":{"line":144,"column":39}},"145":{"start":{"line":145,"column":0},"end":{"line":145,"column":37}},"146":{"start":{"line":146,"column":0},"end":{"line":146,"column":38}},"147":{"start":{"line":147,"column":0},"end":{"line":147,"column":35}},"148":{"start":{"line":148,"column":0},"end":{"line":148,"column":35}},"149":{"start":{"line":149,"column":0},"end":{"line":149,"column":35}},"150":{"start":{"line":150,"column":0},"end":{"line":150,"column":37}},"151":{"start":{"line":151,"column":0},"end":{"line":151,"column":35}},"152":{"start":{"line":152,"column":0},"end":{"line":152,"column":36}},"153":{"start":{"line":153,"column":0},"end":{"line":153,"column":36}},"154":{"start":{"line":154,"column":0},"end":{"line":154,"column":36}},"155":{"start":{"line":155,"column":0},"end":{"line":155,"column":36}},"156":{"start":{"line":156,"column":0},"end":{"line":156,"column":38}},"157":{"start":{"line":157,"column":0},"end":{"line":157,"column":36}},"158":{"start":{"line":158,"column":0},"end":{"line":158,"column":37}},"159":{"start":{"line":159,"column":0},"end":{"line":159,"column":33}},"160":{"start":{"line":160,"column":0},"end":{"line":160,"column":33}},"161":{"start":{"line":161,"column":0},"end":{"line":161,"column":33}},"162":{"start":{"line":162,"column":0},"end":{"line":162,"column":35}},"163":{"start":{"line":163,"column":0},"end":{"line":163,"column":33}},"164":{"start":{"line":164,"column":0},"end":{"line":164,"column":34}},"165":{"start":{"line":165,"column":0},"end":{"line":165,"column":34}},"166":{"start":{"line":166,"column":0},"end":{"line":166,"column":34}},"167":{"start":{"line":167,"column":0},"end":{"line":167,"column":34}},"168":{"start":{"line":168,"column":0},"end":{"line":168,"column":36}},"169":{"start":{"line":169,"column":0},"end":{"line":169,"column":34}},"170":{"start":{"line":170,"column":0},"end":{"line":170,"column":35}},"171":{"start":{"line":171,"column":0},"end":{"line":171,"column":33}},"172":{"start":{"line":172,"column":0},"end":{"line":172,"column":33}},"173":{"start":{"line":173,"column":0},"end":{"line":173,"column":33}},"174":{"start":{"line":174,"column":0},"end":{"line":174,"column":35}},"175":{"start":{"line":175,"column":0},"end":{"line":175,"column":33}},"176":{"start":{"line":176,"column":0},"end":{"line":176,"column":34}},"177":{"start":{"line":177,"column":0},"end":{"line":177,"column":35}},"178":{"start":{"line":178,"column":0},"end":{"line":178,"column":35}},"179":{"start":{"line":179,"column":0},"end":{"line":179,"column":35}},"180":{"start":{"line":180,"column":0},"end":{"line":180,"column":37}},"181":{"start":{"line":181,"column":0},"end":{"line":181,"column":35}},"182":{"start":{"line":182,"column":0},"end":{"line":182,"column":36}},"183":{"start":{"line":183,"column":0},"end":{"line":183,"column":33}},"184":{"start":{"line":184,"column":0},"end":{"line":184,"column":33}},"185":{"start":{"line":185,"column":0},"end":{"line":185,"column":33}},"186":{"start":{"line":186,"column":0},"end":{"line":186,"column":35}},"187":{"start":{"line":187,"column":0},"end":{"line":187,"column":33}},"188":{"start":{"line":188,"column":0},"end":{"line":188,"column":34}},"189":{"start":{"line":189,"column":0},"end":{"line":189,"column":34}},"190":{"start":{"line":190,"column":0},"end":{"line":190,"column":34}},"191":{"start":{"line":191,"column":0},"end":{"line":191,"column":34}},"192":{"start":{"line":192,"column":0},"end":{"line":192,"column":36}},"193":{"start":{"line":193,"column":0},"end":{"line":193,"column":34}},"194":{"start":{"line":194,"column":0},"end":{"line":194,"column":35}},"195":{"start":{"line":195,"column":0},"end":{"line":195,"column":33}},"196":{"start":{"line":196,"column":0},"end":{"line":196,"column":33}},"197":{"start":{"line":197,"column":0},"end":{"line":197,"column":33}},"198":{"start":{"line":198,"column":0},"end":{"line":198,"column":35}},"199":{"start":{"line":199,"column":0},"end":{"line":199,"column":33}},"200":{"start":{"line":200,"column":0},"end":{"line":200,"column":34}},"201":{"start":{"line":201,"column":0},"end":{"line":201,"column":34}},"202":{"start":{"line":202,"column":0},"end":{"line":202,"column":34}},"203":{"start":{"line":203,"column":0},"end":{"line":203,"column":34}},"204":{"start":{"line":204,"column":0},"end":{"line":204,"column":36}},"205":{"start":{"line":205,"column":0},"end":{"line":205,"column":34}},"206":{"start":{"line":206,"column":0},"end":{"line":206,"column":35}},"207":{"start":{"line":207,"column":0},"end":{"line":207,"column":33}},"208":{"start":{"line":208,"column":0},"end":{"line":208,"column":33}},"209":{"start":{"line":209,"column":0},"end":{"line":209,"column":33}},"210":{"start":{"line":210,"column":0},"end":{"line":210,"column":35}},"211":{"start":{"line":211,"column":0},"end":{"line":211,"column":33}},"212":{"start":{"line":212,"column":0},"end":{"line":212,"column":34}},"213":{"start":{"line":213,"column":0},"end":{"line":213,"column":35}},"214":{"start":{"line":214,"column":0},"end":{"line":214,"column":35}},"215":{"start":{"line":215,"column":0},"end":{"line":215,"column":35}},"216":{"start":{"line":216,"column":0},"end":{"line":216,"column":37}},"217":{"start":{"line":217,"column":0},"end":{"line":217,"column":35}},"218":{"start":{"line":218,"column":0},"end":{"line":218,"column":36}},"219":{"start":{"line":219,"column":0},"end":{"line":219,"column":33}},"220":{"start":{"line":220,"column":0},"end":{"line":220,"column":33}},"221":{"start":{"line":221,"column":0},"end":{"line":221,"column":33}},"222":{"start":{"line":222,"column":0},"end":{"line":222,"column":35}},"223":{"start":{"line":223,"column":0},"end":{"line":223,"column":33}},"224":{"start":{"line":224,"column":0},"end":{"line":224,"column":34}},"225":{"start":{"line":225,"column":0},"end":{"line":225,"column":34}},"226":{"start":{"line":226,"column":0},"end":{"line":226,"column":34}},"227":{"start":{"line":227,"column":0},"end":{"line":227,"column":34}},"228":{"start":{"line":228,"column":0},"end":{"line":228,"column":36}},"229":{"start":{"line":229,"column":0},"end":{"line":229,"column":34}},"230":{"start":{"line":230,"column":0},"end":{"line":230,"column":35}},"231":{"start":{"line":231,"column":0},"end":{"line":231,"column":31}},"232":{"start":{"line":232,"column":0},"end":{"line":232,"column":31}},"233":{"start":{"line":233,"column":0},"end":{"line":233,"column":31}},"234":{"start":{"line":234,"column":0},"end":{"line":234,"column":33}},"235":{"start":{"line":235,"column":0},"end":{"line":235,"column":31}},"236":{"start":{"line":236,"column":0},"end":{"line":236,"column":32}},"237":{"start":{"line":237,"column":0},"end":{"line":237,"column":32}},"238":{"start":{"line":238,"column":0},"end":{"line":238,"column":32}},"239":{"start":{"line":239,"column":0},"end":{"line":239,"column":32}},"240":{"start":{"line":240,"column":0},"end":{"line":240,"column":34}},"241":{"start":{"line":241,"column":0},"end":{"line":241,"column":32}},"242":{"start":{"line":242,"column":0},"end":{"line":242,"column":33}},"243":{"start":{"line":243,"column":0},"end":{"line":243,"column":31}},"244":{"start":{"line":244,"column":0},"end":{"line":244,"column":31}},"245":{"start":{"line":245,"column":0},"end":{"line":245,"column":31}},"246":{"start":{"line":246,"column":0},"end":{"line":246,"column":33}},"247":{"start":{"line":247,"column":0},"end":{"line":247,"column":31}},"248":{"start":{"line":248,"column":0},"end":{"line":248,"column":32}},"249":{"start":{"line":249,"column":0},"end":{"line":249,"column":33}},"250":{"start":{"line":250,"column":0},"end":{"line":250,"column":33}},"251":{"start":{"line":251,"column":0},"end":{"line":251,"column":33}},"252":{"start":{"line":252,"column":0},"end":{"line":252,"column":35}},"253":{"start":{"line":253,"column":0},"end":{"line":253,"column":33}},"254":{"start":{"line":254,"column":0},"end":{"line":254,"column":34}},"255":{"start":{"line":255,"column":0},"end":{"line":255,"column":31}},"256":{"start":{"line":256,"column":0},"end":{"line":256,"column":31}},"257":{"start":{"line":257,"column":0},"end":{"line":257,"column":31}},"258":{"start":{"line":258,"column":0},"end":{"line":258,"column":33}},"259":{"start":{"line":259,"column":0},"end":{"line":259,"column":31}},"260":{"start":{"line":260,"column":0},"end":{"line":260,"column":32}},"261":{"start":{"line":261,"column":0},"end":{"line":261,"column":32}},"262":{"start":{"line":262,"column":0},"end":{"line":262,"column":32}},"263":{"start":{"line":263,"column":0},"end":{"line":263,"column":32}},"264":{"start":{"line":264,"column":0},"end":{"line":264,"column":34}},"265":{"start":{"line":265,"column":0},"end":{"line":265,"column":32}},"266":{"start":{"line":266,"column":0},"end":{"line":266,"column":33}},"267":{"start":{"line":267,"column":0},"end":{"line":267,"column":31}},"268":{"start":{"line":268,"column":0},"end":{"line":268,"column":31}},"269":{"start":{"line":269,"column":0},"end":{"line":269,"column":31}},"270":{"start":{"line":270,"column":0},"end":{"line":270,"column":33}},"271":{"start":{"line":271,"column":0},"end":{"line":271,"column":31}},"272":{"start":{"line":272,"column":0},"end":{"line":272,"column":32}},"273":{"start":{"line":273,"column":0},"end":{"line":273,"column":32}},"274":{"start":{"line":274,"column":0},"end":{"line":274,"column":32}},"275":{"start":{"line":275,"column":0},"end":{"line":275,"column":32}},"276":{"start":{"line":276,"column":0},"end":{"line":276,"column":34}},"277":{"start":{"line":277,"column":0},"end":{"line":277,"column":32}},"278":{"start":{"line":278,"column":0},"end":{"line":278,"column":33}},"279":{"start":{"line":279,"column":0},"end":{"line":279,"column":31}},"280":{"start":{"line":280,"column":0},"end":{"line":280,"column":31}},"281":{"start":{"line":281,"column":0},"end":{"line":281,"column":31}},"282":{"start":{"line":282,"column":0},"end":{"line":282,"column":33}},"283":{"start":{"line":283,"column":0},"end":{"line":283,"column":31}},"284":{"start":{"line":284,"column":0},"end":{"line":284,"column":32}},"285":{"start":{"line":285,"column":0},"end":{"line":285,"column":33}},"286":{"start":{"line":286,"column":0},"end":{"line":286,"column":33}},"287":{"start":{"line":287,"column":0},"end":{"line":287,"column":33}},"288":{"start":{"line":288,"column":0},"end":{"line":288,"column":35}},"289":{"start":{"line":289,"column":0},"end":{"line":289,"column":33}},"290":{"start":{"line":290,"column":0},"end":{"line":290,"column":34}},"291":{"start":{"line":291,"column":0},"end":{"line":291,"column":31}},"292":{"start":{"line":292,"column":0},"end":{"line":292,"column":31}},"293":{"start":{"line":293,"column":0},"end":{"line":293,"column":31}},"294":{"start":{"line":294,"column":0},"end":{"line":294,"column":33}},"295":{"start":{"line":295,"column":0},"end":{"line":295,"column":31}},"296":{"start":{"line":296,"column":0},"end":{"line":296,"column":32}},"297":{"start":{"line":297,"column":0},"end":{"line":297,"column":32}},"298":{"start":{"line":298,"column":0},"end":{"line":298,"column":32}},"299":{"start":{"line":299,"column":0},"end":{"line":299,"column":32}},"300":{"start":{"line":300,"column":0},"end":{"line":300,"column":34}},"301":{"start":{"line":301,"column":0},"end":{"line":301,"column":32}},"302":{"start":{"line":302,"column":0},"end":{"line":302,"column":33}},"303":{"start":{"line":303,"column":0},"end":{"line":303,"column":31}},"304":{"start":{"line":304,"column":0},"end":{"line":304,"column":31}},"305":{"start":{"line":305,"column":0},"end":{"line":305,"column":31}},"306":{"start":{"line":306,"column":0},"end":{"line":306,"column":33}},"307":{"start":{"line":307,"column":0},"end":{"line":307,"column":31}},"308":{"start":{"line":308,"column":0},"end":{"line":308,"column":32}},"309":{"start":{"line":309,"column":0},"end":{"line":309,"column":32}},"310":{"start":{"line":310,"column":0},"end":{"line":310,"column":32}},"311":{"start":{"line":311,"column":0},"end":{"line":311,"column":32}},"312":{"start":{"line":312,"column":0},"end":{"line":312,"column":34}},"313":{"start":{"line":313,"column":0},"end":{"line":313,"column":32}},"314":{"start":{"line":314,"column":0},"end":{"line":314,"column":33}},"315":{"start":{"line":315,"column":0},"end":{"line":315,"column":31}},"316":{"start":{"line":316,"column":0},"end":{"line":316,"column":31}},"317":{"start":{"line":317,"column":0},"end":{"line":317,"column":31}},"318":{"start":{"line":318,"column":0},"end":{"line":318,"column":33}},"319":{"start":{"line":319,"column":0},"end":{"line":319,"column":31}},"320":{"start":{"line":320,"column":0},"end":{"line":320,"column":32}},"321":{"start":{"line":321,"column":0},"end":{"line":321,"column":33}},"322":{"start":{"line":322,"column":0},"end":{"line":322,"column":33}},"323":{"start":{"line":323,"column":0},"end":{"line":323,"column":33}},"324":{"start":{"line":324,"column":0},"end":{"line":324,"column":35}},"325":{"start":{"line":325,"column":0},"end":{"line":325,"column":33}},"326":{"start":{"line":326,"column":0},"end":{"line":326,"column":34}},"327":{"start":{"line":327,"column":0},"end":{"line":327,"column":31}},"328":{"start":{"line":328,"column":0},"end":{"line":328,"column":31}},"329":{"start":{"line":329,"column":0},"end":{"line":329,"column":31}},"330":{"start":{"line":330,"column":0},"end":{"line":330,"column":33}},"331":{"start":{"line":331,"column":0},"end":{"line":331,"column":31}},"332":{"start":{"line":332,"column":0},"end":{"line":332,"column":32}},"333":{"start":{"line":333,"column":0},"end":{"line":333,"column":32}},"334":{"start":{"line":334,"column":0},"end":{"line":334,"column":32}},"335":{"start":{"line":335,"column":0},"end":{"line":335,"column":32}},"336":{"start":{"line":336,"column":0},"end":{"line":336,"column":34}},"337":{"start":{"line":337,"column":0},"end":{"line":337,"column":32}},"338":{"start":{"line":338,"column":0},"end":{"line":338,"column":33}},"339":{"start":{"line":339,"column":0},"end":{"line":339,"column":33}},"340":{"start":{"line":340,"column":0},"end":{"line":340,"column":33}},"341":{"start":{"line":341,"column":0},"end":{"line":341,"column":33}},"342":{"start":{"line":342,"column":0},"end":{"line":342,"column":35}},"343":{"start":{"line":343,"column":0},"end":{"line":343,"column":33}},"344":{"start":{"line":344,"column":0},"end":{"line":344,"column":34}},"345":{"start":{"line":345,"column":0},"end":{"line":345,"column":34}},"346":{"start":{"line":346,"column":0},"end":{"line":346,"column":34}},"347":{"start":{"line":347,"column":0},"end":{"line":347,"column":34}},"348":{"start":{"line":348,"column":0},"end":{"line":348,"column":36}},"349":{"start":{"line":349,"column":0},"end":{"line":349,"column":34}},"350":{"start":{"line":350,"column":0},"end":{"line":350,"column":35}},"351":{"start":{"line":351,"column":0},"end":{"line":351,"column":33}},"352":{"start":{"line":352,"column":0},"end":{"line":352,"column":33}},"353":{"start":{"line":353,"column":0},"end":{"line":353,"column":33}},"354":{"start":{"line":354,"column":0},"end":{"line":354,"column":35}},"355":{"start":{"line":355,"column":0},"end":{"line":355,"column":33}},"356":{"start":{"line":356,"column":0},"end":{"line":356,"column":34}},"357":{"start":{"line":357,"column":0},"end":{"line":357,"column":35}},"358":{"start":{"line":358,"column":0},"end":{"line":358,"column":35}},"359":{"start":{"line":359,"column":0},"end":{"line":359,"column":35}},"360":{"start":{"line":360,"column":0},"end":{"line":360,"column":37}},"361":{"start":{"line":361,"column":0},"end":{"line":361,"column":35}},"362":{"start":{"line":362,"column":0},"end":{"line":362,"column":36}},"363":{"start":{"line":363,"column":0},"end":{"line":363,"column":33}},"364":{"start":{"line":364,"column":0},"end":{"line":364,"column":33}},"365":{"start":{"line":365,"column":0},"end":{"line":365,"column":33}},"366":{"start":{"line":366,"column":0},"end":{"line":366,"column":35}},"367":{"start":{"line":367,"column":0},"end":{"line":367,"column":33}},"368":{"start":{"line":368,"column":0},"end":{"line":368,"column":34}},"369":{"start":{"line":369,"column":0},"end":{"line":369,"column":34}},"370":{"start":{"line":370,"column":0},"end":{"line":370,"column":34}},"371":{"start":{"line":371,"column":0},"end":{"line":371,"column":34}},"372":{"start":{"line":372,"column":0},"end":{"line":372,"column":36}},"373":{"start":{"line":373,"column":0},"end":{"line":373,"column":34}},"374":{"start":{"line":374,"column":0},"end":{"line":374,"column":35}},"375":{"start":{"line":375,"column":0},"end":{"line":375,"column":31}},"376":{"start":{"line":376,"column":0},"end":{"line":376,"column":31}},"377":{"start":{"line":377,"column":0},"end":{"line":377,"column":31}},"378":{"start":{"line":378,"column":0},"end":{"line":378,"column":33}},"379":{"start":{"line":379,"column":0},"end":{"line":379,"column":31}},"380":{"start":{"line":380,"column":0},"end":{"line":380,"column":32}},"381":{"start":{"line":381,"column":0},"end":{"line":381,"column":32}},"382":{"start":{"line":382,"column":0},"end":{"line":382,"column":32}},"383":{"start":{"line":383,"column":0},"end":{"line":383,"column":32}},"384":{"start":{"line":384,"column":0},"end":{"line":384,"column":34}},"385":{"start":{"line":385,"column":0},"end":{"line":385,"column":32}},"386":{"start":{"line":386,"column":0},"end":{"line":386,"column":33}},"387":{"start":{"line":387,"column":0},"end":{"line":387,"column":31}},"388":{"start":{"line":388,"column":0},"end":{"line":388,"column":31}},"389":{"start":{"line":389,"column":0},"end":{"line":389,"column":31}},"390":{"start":{"line":390,"column":0},"end":{"line":390,"column":33}},"391":{"start":{"line":391,"column":0},"end":{"line":391,"column":31}},"392":{"start":{"line":392,"column":0},"end":{"line":392,"column":32}},"393":{"start":{"line":393,"column":0},"end":{"line":393,"column":33}},"394":{"start":{"line":394,"column":0},"end":{"line":394,"column":33}},"395":{"start":{"line":395,"column":0},"end":{"line":395,"column":33}},"396":{"start":{"line":396,"column":0},"end":{"line":396,"column":35}},"397":{"start":{"line":397,"column":0},"end":{"line":397,"column":33}},"398":{"start":{"line":398,"column":0},"end":{"line":398,"column":34}},"399":{"start":{"line":399,"column":0},"end":{"line":399,"column":31}},"400":{"start":{"line":400,"column":0},"end":{"line":400,"column":31}},"401":{"start":{"line":401,"column":0},"end":{"line":401,"column":31}},"402":{"start":{"line":402,"column":0},"end":{"line":402,"column":33}},"403":{"start":{"line":403,"column":0},"end":{"line":403,"column":31}},"404":{"start":{"line":404,"column":0},"end":{"line":404,"column":32}},"405":{"start":{"line":405,"column":0},"end":{"line":405,"column":32}},"406":{"start":{"line":406,"column":0},"end":{"line":406,"column":32}},"407":{"start":{"line":407,"column":0},"end":{"line":407,"column":32}},"408":{"start":{"line":408,"column":0},"end":{"line":408,"column":34}},"409":{"start":{"line":409,"column":0},"end":{"line":409,"column":32}},"410":{"start":{"line":410,"column":0},"end":{"line":410,"column":33}},"411":{"start":{"line":411,"column":0},"end":{"line":411,"column":31}},"412":{"start":{"line":412,"column":0},"end":{"line":412,"column":31}},"413":{"start":{"line":413,"column":0},"end":{"line":413,"column":31}},"414":{"start":{"line":414,"column":0},"end":{"line":414,"column":33}},"415":{"start":{"line":415,"column":0},"end":{"line":415,"column":31}},"416":{"start":{"line":416,"column":0},"end":{"line":416,"column":32}},"417":{"start":{"line":417,"column":0},"end":{"line":417,"column":32}},"418":{"start":{"line":418,"column":0},"end":{"line":418,"column":32}},"419":{"start":{"line":419,"column":0},"end":{"line":419,"column":32}},"420":{"start":{"line":420,"column":0},"end":{"line":420,"column":34}},"421":{"start":{"line":421,"column":0},"end":{"line":421,"column":32}},"422":{"start":{"line":422,"column":0},"end":{"line":422,"column":33}},"423":{"start":{"line":423,"column":0},"end":{"line":423,"column":31}},"424":{"start":{"line":424,"column":0},"end":{"line":424,"column":31}},"425":{"start":{"line":425,"column":0},"end":{"line":425,"column":31}},"426":{"start":{"line":426,"column":0},"end":{"line":426,"column":33}},"427":{"start":{"line":427,"column":0},"end":{"line":427,"column":31}},"428":{"start":{"line":428,"column":0},"end":{"line":428,"column":32}},"429":{"start":{"line":429,"column":0},"end":{"line":429,"column":33}},"430":{"start":{"line":430,"column":0},"end":{"line":430,"column":33}},"431":{"start":{"line":431,"column":0},"end":{"line":431,"column":33}},"432":{"start":{"line":432,"column":0},"end":{"line":432,"column":35}},"433":{"start":{"line":433,"column":0},"end":{"line":433,"column":33}},"434":{"start":{"line":434,"column":0},"end":{"line":434,"column":34}},"435":{"start":{"line":435,"column":0},"end":{"line":435,"column":31}},"436":{"start":{"line":436,"column":0},"end":{"line":436,"column":31}},"437":{"start":{"line":437,"column":0},"end":{"line":437,"column":31}},"438":{"start":{"line":438,"column":0},"end":{"line":438,"column":33}},"439":{"start":{"line":439,"column":0},"end":{"line":439,"column":31}},"440":{"start":{"line":440,"column":0},"end":{"line":440,"column":32}},"441":{"start":{"line":441,"column":0},"end":{"line":441,"column":32}},"442":{"start":{"line":442,"column":0},"end":{"line":442,"column":32}},"443":{"start":{"line":443,"column":0},"end":{"line":443,"column":32}},"444":{"start":{"line":444,"column":0},"end":{"line":444,"column":34}},"445":{"start":{"line":445,"column":0},"end":{"line":445,"column":32}},"446":{"start":{"line":446,"column":0},"end":{"line":446,"column":33}},"447":{"start":{"line":447,"column":0},"end":{"line":447,"column":35}},"448":{"start":{"line":448,"column":0},"end":{"line":448,"column":35}},"449":{"start":{"line":449,"column":0},"end":{"line":449,"column":35}},"450":{"start":{"line":450,"column":0},"end":{"line":450,"column":37}},"451":{"start":{"line":451,"column":0},"end":{"line":451,"column":35}},"452":{"start":{"line":452,"column":0},"end":{"line":452,"column":36}},"453":{"start":{"line":453,"column":0},"end":{"line":453,"column":36}},"454":{"start":{"line":454,"column":0},"end":{"line":454,"column":36}},"455":{"start":{"line":455,"column":0},"end":{"line":455,"column":36}},"456":{"start":{"line":456,"column":0},"end":{"line":456,"column":38}},"457":{"start":{"line":457,"column":0},"end":{"line":457,"column":36}},"458":{"start":{"line":458,"column":0},"end":{"line":458,"column":37}},"459":{"start":{"line":459,"column":0},"end":{"line":459,"column":35}},"460":{"start":{"line":460,"column":0},"end":{"line":460,"column":35}},"461":{"start":{"line":461,"column":0},"end":{"line":461,"column":35}},"462":{"start":{"line":462,"column":0},"end":{"line":462,"column":37}},"463":{"start":{"line":463,"column":0},"end":{"line":463,"column":35}},"464":{"start":{"line":464,"column":0},"end":{"line":464,"column":36}},"465":{"start":{"line":465,"column":0},"end":{"line":465,"column":37}},"466":{"start":{"line":466,"column":0},"end":{"line":466,"column":37}},"467":{"start":{"line":467,"column":0},"end":{"line":467,"column":37}},"468":{"start":{"line":468,"column":0},"end":{"line":468,"column":39}},"469":{"start":{"line":469,"column":0},"end":{"line":469,"column":37}},"470":{"start":{"line":470,"column":0},"end":{"line":470,"column":38}},"471":{"start":{"line":471,"column":0},"end":{"line":471,"column":35}},"472":{"start":{"line":472,"column":0},"end":{"line":472,"column":35}},"473":{"start":{"line":473,"column":0},"end":{"line":473,"column":35}},"474":{"start":{"line":474,"column":0},"end":{"line":474,"column":37}},"475":{"start":{"line":475,"column":0},"end":{"line":475,"column":35}},"476":{"start":{"line":476,"column":0},"end":{"line":476,"column":36}},"477":{"start":{"line":477,"column":0},"end":{"line":477,"column":36}},"478":{"start":{"line":478,"column":0},"end":{"line":478,"column":36}},"479":{"start":{"line":479,"column":0},"end":{"line":479,"column":36}},"480":{"start":{"line":480,"column":0},"end":{"line":480,"column":38}},"481":{"start":{"line":481,"column":0},"end":{"line":481,"column":36}},"482":{"start":{"line":482,"column":0},"end":{"line":482,"column":37}},"483":{"start":{"line":483,"column":0},"end":{"line":483,"column":35}},"484":{"start":{"line":484,"column":0},"end":{"line":484,"column":35}},"485":{"start":{"line":485,"column":0},"end":{"line":485,"column":35}},"486":{"start":{"line":486,"column":0},"end":{"line":486,"column":37}},"487":{"start":{"line":487,"column":0},"end":{"line":487,"column":35}},"488":{"start":{"line":488,"column":0},"end":{"line":488,"column":36}},"489":{"start":{"line":489,"column":0},"end":{"line":489,"column":36}},"490":{"start":{"line":490,"column":0},"end":{"line":490,"column":36}},"491":{"start":{"line":491,"column":0},"end":{"line":491,"column":36}},"492":{"start":{"line":492,"column":0},"end":{"line":492,"column":38}},"493":{"start":{"line":493,"column":0},"end":{"line":493,"column":36}},"494":{"start":{"line":494,"column":0},"end":{"line":494,"column":37}},"495":{"start":{"line":495,"column":0},"end":{"line":495,"column":35}},"496":{"start":{"line":496,"column":0},"end":{"line":496,"column":35}},"497":{"start":{"line":497,"column":0},"end":{"line":497,"column":35}},"498":{"start":{"line":498,"column":0},"end":{"line":498,"column":37}},"499":{"start":{"line":499,"column":0},"end":{"line":499,"column":35}},"500":{"start":{"line":500,"column":0},"end":{"line":500,"column":36}},"501":{"start":{"line":501,"column":0},"end":{"line":501,"column":37}},"502":{"start":{"line":502,"column":0},"end":{"line":502,"column":37}},"503":{"start":{"line":503,"column":0},"end":{"line":503,"column":37}},"504":{"start":{"line":504,"column":0},"end":{"line":504,"column":39}},"505":{"start":{"line":505,"column":0},"end":{"line":505,"column":37}},"506":{"start":{"line":506,"column":0},"end":{"line":506,"column":38}},"507":{"start":{"line":507,"column":0},"end":{"line":507,"column":35}},"508":{"start":{"line":508,"column":0},"end":{"line":508,"column":35}},"509":{"start":{"line":509,"column":0},"end":{"line":509,"column":35}},"510":{"start":{"line":510,"column":0},"end":{"line":510,"column":37}},"511":{"start":{"line":511,"column":0},"end":{"line":511,"column":35}},"512":{"start":{"line":512,"column":0},"end":{"line":512,"column":36}},"513":{"start":{"line":513,"column":0},"end":{"line":513,"column":36}},"514":{"start":{"line":514,"column":0},"end":{"line":514,"column":36}},"515":{"start":{"line":515,"column":0},"end":{"line":515,"column":36}},"516":{"start":{"line":516,"column":0},"end":{"line":516,"column":38}},"517":{"start":{"line":517,"column":0},"end":{"line":517,"column":36}},"518":{"start":{"line":518,"column":0},"end":{"line":518,"column":37}},"519":{"start":{"line":519,"column":0},"end":{"line":519,"column":35}},"520":{"start":{"line":520,"column":0},"end":{"line":520,"column":35}},"521":{"start":{"line":521,"column":0},"end":{"line":521,"column":35}},"522":{"start":{"line":522,"column":0},"end":{"line":522,"column":37}},"523":{"start":{"line":523,"column":0},"end":{"line":523,"column":35}},"524":{"start":{"line":524,"column":0},"end":{"line":524,"column":36}},"525":{"start":{"line":525,"column":0},"end":{"line":525,"column":36}},"526":{"start":{"line":526,"column":0},"end":{"line":526,"column":36}},"527":{"start":{"line":527,"column":0},"end":{"line":527,"column":36}},"528":{"start":{"line":528,"column":0},"end":{"line":528,"column":38}},"529":{"start":{"line":529,"column":0},"end":{"line":529,"column":36}},"530":{"start":{"line":530,"column":0},"end":{"line":530,"column":37}},"531":{"start":{"line":531,"column":0},"end":{"line":531,"column":35}},"532":{"start":{"line":532,"column":0},"end":{"line":532,"column":35}},"533":{"start":{"line":533,"column":0},"end":{"line":533,"column":35}},"534":{"start":{"line":534,"column":0},"end":{"line":534,"column":37}},"535":{"start":{"line":535,"column":0},"end":{"line":535,"column":35}},"536":{"start":{"line":536,"column":0},"end":{"line":536,"column":36}},"537":{"start":{"line":537,"column":0},"end":{"line":537,"column":37}},"538":{"start":{"line":538,"column":0},"end":{"line":538,"column":37}},"539":{"start":{"line":539,"column":0},"end":{"line":539,"column":37}},"540":{"start":{"line":540,"column":0},"end":{"line":540,"column":39}},"541":{"start":{"line":541,"column":0},"end":{"line":541,"column":37}},"542":{"start":{"line":542,"column":0},"end":{"line":542,"column":38}},"543":{"start":{"line":543,"column":0},"end":{"line":543,"column":35}},"544":{"start":{"line":544,"column":0},"end":{"line":544,"column":35}},"545":{"start":{"line":545,"column":0},"end":{"line":545,"column":35}},"546":{"start":{"line":546,"column":0},"end":{"line":546,"column":37}},"547":{"start":{"line":547,"column":0},"end":{"line":547,"column":35}},"548":{"start":{"line":548,"column":0},"end":{"line":548,"column":36}},"549":{"start":{"line":549,"column":0},"end":{"line":549,"column":36}},"550":{"start":{"line":550,"column":0},"end":{"line":550,"column":36}},"551":{"start":{"line":551,"column":0},"end":{"line":551,"column":36}},"552":{"start":{"line":552,"column":0},"end":{"line":552,"column":38}},"553":{"start":{"line":553,"column":0},"end":{"line":553,"column":36}},"554":{"start":{"line":554,"column":0},"end":{"line":554,"column":37}},"555":{"start":{"line":555,"column":0},"end":{"line":555,"column":37}},"556":{"start":{"line":556,"column":0},"end":{"line":556,"column":37}},"557":{"start":{"line":557,"column":0},"end":{"line":557,"column":37}},"558":{"start":{"line":558,"column":0},"end":{"line":558,"column":39}},"559":{"start":{"line":559,"column":0},"end":{"line":559,"column":37}},"560":{"start":{"line":560,"column":0},"end":{"line":560,"column":38}},"561":{"start":{"line":561,"column":0},"end":{"line":561,"column":38}},"562":{"start":{"line":562,"column":0},"end":{"line":562,"column":38}},"563":{"start":{"line":563,"column":0},"end":{"line":563,"column":38}},"564":{"start":{"line":564,"column":0},"end":{"line":564,"column":40}},"565":{"start":{"line":565,"column":0},"end":{"line":565,"column":38}},"566":{"start":{"line":566,"column":0},"end":{"line":566,"column":39}},"567":{"start":{"line":567,"column":0},"end":{"line":567,"column":37}},"568":{"start":{"line":568,"column":0},"end":{"line":568,"column":37}},"569":{"start":{"line":569,"column":0},"end":{"line":569,"column":37}},"570":{"start":{"line":570,"column":0},"end":{"line":570,"column":39}},"571":{"start":{"line":571,"column":0},"end":{"line":571,"column":37}},"572":{"start":{"line":572,"column":0},"end":{"line":572,"column":38}},"573":{"start":{"line":573,"column":0},"end":{"line":573,"column":39}},"574":{"start":{"line":574,"column":0},"end":{"line":574,"column":39}},"575":{"start":{"line":575,"column":0},"end":{"line":575,"column":39}},"576":{"start":{"line":576,"column":0},"end":{"line":576,"column":41}},"577":{"start":{"line":577,"column":0},"end":{"line":577,"column":39}},"578":{"start":{"line":578,"column":0},"end":{"line":578,"column":40}},"579":{"start":{"line":579,"column":0},"end":{"line":579,"column":37}},"580":{"start":{"line":580,"column":0},"end":{"line":580,"column":37}},"581":{"start":{"line":581,"column":0},"end":{"line":581,"column":37}},"582":{"start":{"line":582,"column":0},"end":{"line":582,"column":39}},"583":{"start":{"line":583,"column":0},"end":{"line":583,"column":37}},"584":{"start":{"line":584,"column":0},"end":{"line":584,"column":38}},"585":{"start":{"line":585,"column":0},"end":{"line":585,"column":38}},"586":{"start":{"line":586,"column":0},"end":{"line":586,"column":38}},"587":{"start":{"line":587,"column":0},"end":{"line":587,"column":38}},"588":{"start":{"line":588,"column":0},"end":{"line":588,"column":40}},"589":{"start":{"line":589,"column":0},"end":{"line":589,"column":38}},"590":{"start":{"line":590,"column":0},"end":{"line":590,"column":39}},"591":{"start":{"line":591,"column":0},"end":{"line":591,"column":35}},"592":{"start":{"line":592,"column":0},"end":{"line":592,"column":35}},"593":{"start":{"line":593,"column":0},"end":{"line":593,"column":35}},"594":{"start":{"line":594,"column":0},"end":{"line":594,"column":37}},"595":{"start":{"line":595,"column":0},"end":{"line":595,"column":35}},"596":{"start":{"line":596,"column":0},"end":{"line":596,"column":36}},"597":{"start":{"line":597,"column":0},"end":{"line":597,"column":36}},"598":{"start":{"line":598,"column":0},"end":{"line":598,"column":36}},"599":{"start":{"line":599,"column":0},"end":{"line":599,"column":36}},"600":{"start":{"line":600,"column":0},"end":{"line":600,"column":38}},"601":{"start":{"line":601,"column":0},"end":{"line":601,"column":36}},"602":{"start":{"line":602,"column":0},"end":{"line":602,"column":37}},"603":{"start":{"line":603,"column":0},"end":{"line":603,"column":35}},"604":{"start":{"line":604,"column":0},"end":{"line":604,"column":35}},"605":{"start":{"line":605,"column":0},"end":{"line":605,"column":35}},"606":{"start":{"line":606,"column":0},"end":{"line":606,"column":37}},"607":{"start":{"line":607,"column":0},"end":{"line":607,"column":35}},"608":{"start":{"line":608,"column":0},"end":{"line":608,"column":36}},"609":{"start":{"line":609,"column":0},"end":{"line":609,"column":37}},"610":{"start":{"line":610,"column":0},"end":{"line":610,"column":37}},"611":{"start":{"line":611,"column":0},"end":{"line":611,"column":37}},"612":{"start":{"line":612,"column":0},"end":{"line":612,"column":39}},"613":{"start":{"line":613,"column":0},"end":{"line":613,"column":37}},"614":{"start":{"line":614,"column":0},"end":{"line":614,"column":38}},"615":{"start":{"line":615,"column":0},"end":{"line":615,"column":35}},"616":{"start":{"line":616,"column":0},"end":{"line":616,"column":35}},"617":{"start":{"line":617,"column":0},"end":{"line":617,"column":35}},"618":{"start":{"line":618,"column":0},"end":{"line":618,"column":37}},"619":{"start":{"line":619,"column":0},"end":{"line":619,"column":35}},"620":{"start":{"line":620,"column":0},"end":{"line":620,"column":36}},"621":{"start":{"line":621,"column":0},"end":{"line":621,"column":36}},"622":{"start":{"line":622,"column":0},"end":{"line":622,"column":36}},"623":{"start":{"line":623,"column":0},"end":{"line":623,"column":36}},"624":{"start":{"line":624,"column":0},"end":{"line":624,"column":38}},"625":{"start":{"line":625,"column":0},"end":{"line":625,"column":36}},"626":{"start":{"line":626,"column":0},"end":{"line":626,"column":37}},"627":{"start":{"line":627,"column":0},"end":{"line":627,"column":35}},"628":{"start":{"line":628,"column":0},"end":{"line":628,"column":35}},"629":{"start":{"line":629,"column":0},"end":{"line":629,"column":35}},"630":{"start":{"line":630,"column":0},"end":{"line":630,"column":37}},"631":{"start":{"line":631,"column":0},"end":{"line":631,"column":35}},"632":{"start":{"line":632,"column":0},"end":{"line":632,"column":36}},"633":{"start":{"line":633,"column":0},"end":{"line":633,"column":36}},"634":{"start":{"line":634,"column":0},"end":{"line":634,"column":36}},"635":{"start":{"line":635,"column":0},"end":{"line":635,"column":36}},"636":{"start":{"line":636,"column":0},"end":{"line":636,"column":38}},"637":{"start":{"line":637,"column":0},"end":{"line":637,"column":36}},"638":{"start":{"line":638,"column":0},"end":{"line":638,"column":37}},"639":{"start":{"line":639,"column":0},"end":{"line":639,"column":35}},"640":{"start":{"line":640,"column":0},"end":{"line":640,"column":35}},"641":{"start":{"line":641,"column":0},"end":{"line":641,"column":35}},"642":{"start":{"line":642,"column":0},"end":{"line":642,"column":37}},"643":{"start":{"line":643,"column":0},"end":{"line":643,"column":35}},"644":{"start":{"line":644,"column":0},"end":{"line":644,"column":36}},"645":{"start":{"line":645,"column":0},"end":{"line":645,"column":37}},"646":{"start":{"line":646,"column":0},"end":{"line":646,"column":37}},"647":{"start":{"line":647,"column":0},"end":{"line":647,"column":37}},"648":{"start":{"line":648,"column":0},"end":{"line":648,"column":39}},"649":{"start":{"line":649,"column":0},"end":{"line":649,"column":37}},"650":{"start":{"line":650,"column":0},"end":{"line":650,"column":38}},"651":{"start":{"line":651,"column":0},"end":{"line":651,"column":35}},"652":{"start":{"line":652,"column":0},"end":{"line":652,"column":35}},"653":{"start":{"line":653,"column":0},"end":{"line":653,"column":35}},"654":{"start":{"line":654,"column":0},"end":{"line":654,"column":37}},"655":{"start":{"line":655,"column":0},"end":{"line":655,"column":35}},"656":{"start":{"line":656,"column":0},"end":{"line":656,"column":36}},"657":{"start":{"line":657,"column":0},"end":{"line":657,"column":36}},"658":{"start":{"line":658,"column":0},"end":{"line":658,"column":36}},"659":{"start":{"line":659,"column":0},"end":{"line":659,"column":36}},"660":{"start":{"line":660,"column":0},"end":{"line":660,"column":38}},"661":{"start":{"line":661,"column":0},"end":{"line":661,"column":36}},"662":{"start":{"line":662,"column":0},"end":{"line":662,"column":37}},"663":{"start":{"line":663,"column":0},"end":{"line":663,"column":29}},"664":{"start":{"line":664,"column":0},"end":{"line":664,"column":29}},"665":{"start":{"line":665,"column":0},"end":{"line":665,"column":29}},"666":{"start":{"line":666,"column":0},"end":{"line":666,"column":31}},"667":{"start":{"line":667,"column":0},"end":{"line":667,"column":29}},"668":{"start":{"line":668,"column":0},"end":{"line":668,"column":30}},"669":{"start":{"line":669,"column":0},"end":{"line":669,"column":30}},"670":{"start":{"line":670,"column":0},"end":{"line":670,"column":30}},"671":{"start":{"line":671,"column":0},"end":{"line":671,"column":30}},"672":{"start":{"line":672,"column":0},"end":{"line":672,"column":32}},"673":{"start":{"line":673,"column":0},"end":{"line":673,"column":30}},"674":{"start":{"line":674,"column":0},"end":{"line":674,"column":31}},"675":{"start":{"line":675,"column":0},"end":{"line":675,"column":29}},"676":{"start":{"line":676,"column":0},"end":{"line":676,"column":29}},"677":{"start":{"line":677,"column":0},"end":{"line":677,"column":29}},"678":{"start":{"line":678,"column":0},"end":{"line":678,"column":31}},"679":{"start":{"line":679,"column":0},"end":{"line":679,"column":29}},"680":{"start":{"line":680,"column":0},"end":{"line":680,"column":30}},"681":{"start":{"line":681,"column":0},"end":{"line":681,"column":31}},"682":{"start":{"line":682,"column":0},"end":{"line":682,"column":31}},"683":{"start":{"line":683,"column":0},"end":{"line":683,"column":31}},"684":{"start":{"line":684,"column":0},"end":{"line":684,"column":33}},"685":{"start":{"line":685,"column":0},"end":{"line":685,"column":31}},"686":{"start":{"line":686,"column":0},"end":{"line":686,"column":32}},"687":{"start":{"line":687,"column":0},"end":{"line":687,"column":29}},"688":{"start":{"line":688,"column":0},"end":{"line":688,"column":29}},"689":{"start":{"line":689,"column":0},"end":{"line":689,"column":29}},"690":{"start":{"line":690,"column":0},"end":{"line":690,"column":31}},"691":{"start":{"line":691,"column":0},"end":{"line":691,"column":29}},"692":{"start":{"line":692,"column":0},"end":{"line":692,"column":30}},"693":{"start":{"line":693,"column":0},"end":{"line":693,"column":30}},"694":{"start":{"line":694,"column":0},"end":{"line":694,"column":30}},"695":{"start":{"line":695,"column":0},"end":{"line":695,"column":30}},"696":{"start":{"line":696,"column":0},"end":{"line":696,"column":32}},"697":{"start":{"line":697,"column":0},"end":{"line":697,"column":30}},"698":{"start":{"line":698,"column":0},"end":{"line":698,"column":31}},"699":{"start":{"line":699,"column":0},"end":{"line":699,"column":29}},"700":{"start":{"line":700,"column":0},"end":{"line":700,"column":29}},"701":{"start":{"line":701,"column":0},"end":{"line":701,"column":29}},"702":{"start":{"line":702,"column":0},"end":{"line":702,"column":31}},"703":{"start":{"line":703,"column":0},"end":{"line":703,"column":29}},"704":{"start":{"line":704,"column":0},"end":{"line":704,"column":30}},"705":{"start":{"line":705,"column":0},"end":{"line":705,"column":30}},"706":{"start":{"line":706,"column":0},"end":{"line":706,"column":30}},"707":{"start":{"line":707,"column":0},"end":{"line":707,"column":30}},"708":{"start":{"line":708,"column":0},"end":{"line":708,"column":32}},"709":{"start":{"line":709,"column":0},"end":{"line":709,"column":30}},"710":{"start":{"line":710,"column":0},"end":{"line":710,"column":31}},"711":{"start":{"line":711,"column":0},"end":{"line":711,"column":29}},"712":{"start":{"line":712,"column":0},"end":{"line":712,"column":29}},"713":{"start":{"line":713,"column":0},"end":{"line":713,"column":29}},"714":{"start":{"line":714,"column":0},"end":{"line":714,"column":31}},"715":{"start":{"line":715,"column":0},"end":{"line":715,"column":29}},"716":{"start":{"line":716,"column":0},"end":{"line":716,"column":30}},"717":{"start":{"line":717,"column":0},"end":{"line":717,"column":31}},"718":{"start":{"line":718,"column":0},"end":{"line":718,"column":31}},"719":{"start":{"line":719,"column":0},"end":{"line":719,"column":31}},"720":{"start":{"line":720,"column":0},"end":{"line":720,"column":33}},"721":{"start":{"line":721,"column":0},"end":{"line":721,"column":31}},"722":{"start":{"line":722,"column":0},"end":{"line":722,"column":32}},"723":{"start":{"line":723,"column":0},"end":{"line":723,"column":29}},"724":{"start":{"line":724,"column":0},"end":{"line":724,"column":29}},"725":{"start":{"line":725,"column":0},"end":{"line":725,"column":29}},"726":{"start":{"line":726,"column":0},"end":{"line":726,"column":31}},"727":{"start":{"line":727,"column":0},"end":{"line":727,"column":29}},"728":{"start":{"line":728,"column":0},"end":{"line":728,"column":30}},"729":{"start":{"line":729,"column":0},"end":{"line":729,"column":30}},"730":{"start":{"line":730,"column":0},"end":{"line":730,"column":30}},"731":{"start":{"line":731,"column":0},"end":{"line":731,"column":30}},"732":{"start":{"line":732,"column":0},"end":{"line":732,"column":32}},"733":{"start":{"line":733,"column":0},"end":{"line":733,"column":30}},"734":{"start":{"line":734,"column":0},"end":{"line":734,"column":31}},"735":{"start":{"line":735,"column":0},"end":{"line":735,"column":29}},"736":{"start":{"line":736,"column":0},"end":{"line":736,"column":29}},"737":{"start":{"line":737,"column":0},"end":{"line":737,"column":29}},"738":{"start":{"line":738,"column":0},"end":{"line":738,"column":31}},"739":{"start":{"line":739,"column":0},"end":{"line":739,"column":29}},"740":{"start":{"line":740,"column":0},"end":{"line":740,"column":30}},"741":{"start":{"line":741,"column":0},"end":{"line":741,"column":30}},"742":{"start":{"line":742,"column":0},"end":{"line":742,"column":30}},"743":{"start":{"line":743,"column":0},"end":{"line":743,"column":30}},"744":{"start":{"line":744,"column":0},"end":{"line":744,"column":32}},"745":{"start":{"line":745,"column":0},"end":{"line":745,"column":30}},"746":{"start":{"line":746,"column":0},"end":{"line":746,"column":31}},"747":{"start":{"line":747,"column":0},"end":{"line":747,"column":29}},"748":{"start":{"line":748,"column":0},"end":{"line":748,"column":29}},"749":{"start":{"line":749,"column":0},"end":{"line":749,"column":29}},"750":{"start":{"line":750,"column":0},"end":{"line":750,"column":31}},"751":{"start":{"line":751,"column":0},"end":{"line":751,"column":29}},"752":{"start":{"line":752,"column":0},"end":{"line":752,"column":30}},"753":{"start":{"line":753,"column":0},"end":{"line":753,"column":31}},"754":{"start":{"line":754,"column":0},"end":{"line":754,"column":31}},"755":{"start":{"line":755,"column":0},"end":{"line":755,"column":31}},"756":{"start":{"line":756,"column":0},"end":{"line":756,"column":33}},"757":{"start":{"line":757,"column":0},"end":{"line":757,"column":31}},"758":{"start":{"line":758,"column":0},"end":{"line":758,"column":32}},"759":{"start":{"line":759,"column":0},"end":{"line":759,"column":29}},"760":{"start":{"line":760,"column":0},"end":{"line":760,"column":29}},"761":{"start":{"line":761,"column":0},"end":{"line":761,"column":29}},"762":{"start":{"line":762,"column":0},"end":{"line":762,"column":31}},"763":{"start":{"line":763,"column":0},"end":{"line":763,"column":29}},"764":{"start":{"line":764,"column":0},"end":{"line":764,"column":30}},"765":{"start":{"line":765,"column":0},"end":{"line":765,"column":30}},"766":{"start":{"line":766,"column":0},"end":{"line":766,"column":30}},"767":{"start":{"line":767,"column":0},"end":{"line":767,"column":30}},"768":{"start":{"line":768,"column":0},"end":{"line":768,"column":32}},"769":{"start":{"line":769,"column":0},"end":{"line":769,"column":30}},"770":{"start":{"line":770,"column":0},"end":{"line":770,"column":31}},"771":{"start":{"line":771,"column":0},"end":{"line":771,"column":31}},"772":{"start":{"line":772,"column":0},"end":{"line":772,"column":31}},"773":{"start":{"line":773,"column":0},"end":{"line":773,"column":31}},"774":{"start":{"line":774,"column":0},"end":{"line":774,"column":33}},"775":{"start":{"line":775,"column":0},"end":{"line":775,"column":31}},"776":{"start":{"line":776,"column":0},"end":{"line":776,"column":32}},"777":{"start":{"line":777,"column":0},"end":{"line":777,"column":32}},"778":{"start":{"line":778,"column":0},"end":{"line":778,"column":32}},"779":{"start":{"line":779,"column":0},"end":{"line":779,"column":32}},"780":{"start":{"line":780,"column":0},"end":{"line":780,"column":34}},"781":{"start":{"line":781,"column":0},"end":{"line":781,"column":32}},"782":{"start":{"line":782,"column":0},"end":{"line":782,"column":33}},"783":{"start":{"line":783,"column":0},"end":{"line":783,"column":31}},"784":{"start":{"line":784,"column":0},"end":{"line":784,"column":31}},"785":{"start":{"line":785,"column":0},"end":{"line":785,"column":31}},"786":{"start":{"line":786,"column":0},"end":{"line":786,"column":33}},"787":{"start":{"line":787,"column":0},"end":{"line":787,"column":31}},"788":{"start":{"line":788,"column":0},"end":{"line":788,"column":32}},"789":{"start":{"line":789,"column":0},"end":{"line":789,"column":33}},"790":{"start":{"line":790,"column":0},"end":{"line":790,"column":33}},"791":{"start":{"line":791,"column":0},"end":{"line":791,"column":33}},"792":{"start":{"line":792,"column":0},"end":{"line":792,"column":35}},"793":{"start":{"line":793,"column":0},"end":{"line":793,"column":33}},"794":{"start":{"line":794,"column":0},"end":{"line":794,"column":34}},"795":{"start":{"line":795,"column":0},"end":{"line":795,"column":31}},"796":{"start":{"line":796,"column":0},"end":{"line":796,"column":31}},"797":{"start":{"line":797,"column":0},"end":{"line":797,"column":31}},"798":{"start":{"line":798,"column":0},"end":{"line":798,"column":33}},"799":{"start":{"line":799,"column":0},"end":{"line":799,"column":31}},"800":{"start":{"line":800,"column":0},"end":{"line":800,"column":32}},"801":{"start":{"line":801,"column":0},"end":{"line":801,"column":32}},"802":{"start":{"line":802,"column":0},"end":{"line":802,"column":32}},"803":{"start":{"line":803,"column":0},"end":{"line":803,"column":32}},"804":{"start":{"line":804,"column":0},"end":{"line":804,"column":34}},"805":{"start":{"line":805,"column":0},"end":{"line":805,"column":32}},"806":{"start":{"line":806,"column":0},"end":{"line":806,"column":33}},"807":{"start":{"line":807,"column":0},"end":{"line":807,"column":29}},"808":{"start":{"line":808,"column":0},"end":{"line":808,"column":29}},"809":{"start":{"line":809,"column":0},"end":{"line":809,"column":29}},"810":{"start":{"line":810,"column":0},"end":{"line":810,"column":31}},"811":{"start":{"line":811,"column":0},"end":{"line":811,"column":29}},"812":{"start":{"line":812,"column":0},"end":{"line":812,"column":30}},"813":{"start":{"line":813,"column":0},"end":{"line":813,"column":30}},"814":{"start":{"line":814,"column":0},"end":{"line":814,"column":30}},"815":{"start":{"line":815,"column":0},"end":{"line":815,"column":30}},"816":{"start":{"line":816,"column":0},"end":{"line":816,"column":32}},"817":{"start":{"line":817,"column":0},"end":{"line":817,"column":30}},"818":{"start":{"line":818,"column":0},"end":{"line":818,"column":31}},"819":{"start":{"line":819,"column":0},"end":{"line":819,"column":29}},"820":{"start":{"line":820,"column":0},"end":{"line":820,"column":29}},"821":{"start":{"line":821,"column":0},"end":{"line":821,"column":29}},"822":{"start":{"line":822,"column":0},"end":{"line":822,"column":31}},"823":{"start":{"line":823,"column":0},"end":{"line":823,"column":29}},"824":{"start":{"line":824,"column":0},"end":{"line":824,"column":30}},"825":{"start":{"line":825,"column":0},"end":{"line":825,"column":31}},"826":{"start":{"line":826,"column":0},"end":{"line":826,"column":31}},"827":{"start":{"line":827,"column":0},"end":{"line":827,"column":31}},"828":{"start":{"line":828,"column":0},"end":{"line":828,"column":33}},"829":{"start":{"line":829,"column":0},"end":{"line":829,"column":31}},"830":{"start":{"line":830,"column":0},"end":{"line":830,"column":32}},"831":{"start":{"line":831,"column":0},"end":{"line":831,"column":29}},"832":{"start":{"line":832,"column":0},"end":{"line":832,"column":29}},"833":{"start":{"line":833,"column":0},"end":{"line":833,"column":29}},"834":{"start":{"line":834,"column":0},"end":{"line":834,"column":31}},"835":{"start":{"line":835,"column":0},"end":{"line":835,"column":29}},"836":{"start":{"line":836,"column":0},"end":{"line":836,"column":30}},"837":{"start":{"line":837,"column":0},"end":{"line":837,"column":30}},"838":{"start":{"line":838,"column":0},"end":{"line":838,"column":30}},"839":{"start":{"line":839,"column":0},"end":{"line":839,"column":30}},"840":{"start":{"line":840,"column":0},"end":{"line":840,"column":32}},"841":{"start":{"line":841,"column":0},"end":{"line":841,"column":30}},"842":{"start":{"line":842,"column":0},"end":{"line":842,"column":31}},"843":{"start":{"line":843,"column":0},"end":{"line":843,"column":29}},"844":{"start":{"line":844,"column":0},"end":{"line":844,"column":29}},"845":{"start":{"line":845,"column":0},"end":{"line":845,"column":29}},"846":{"start":{"line":846,"column":0},"end":{"line":846,"column":31}},"847":{"start":{"line":847,"column":0},"end":{"line":847,"column":29}},"848":{"start":{"line":848,"column":0},"end":{"line":848,"column":30}},"849":{"start":{"line":849,"column":0},"end":{"line":849,"column":30}},"850":{"start":{"line":850,"column":0},"end":{"line":850,"column":30}},"851":{"start":{"line":851,"column":0},"end":{"line":851,"column":30}},"852":{"start":{"line":852,"column":0},"end":{"line":852,"column":32}},"853":{"start":{"line":853,"column":0},"end":{"line":853,"column":30}},"854":{"start":{"line":854,"column":0},"end":{"line":854,"column":31}},"855":{"start":{"line":855,"column":0},"end":{"line":855,"column":29}},"856":{"start":{"line":856,"column":0},"end":{"line":856,"column":29}},"857":{"start":{"line":857,"column":0},"end":{"line":857,"column":29}},"858":{"start":{"line":858,"column":0},"end":{"line":858,"column":31}},"859":{"start":{"line":859,"column":0},"end":{"line":859,"column":29}},"860":{"start":{"line":860,"column":0},"end":{"line":860,"column":30}},"861":{"start":{"line":861,"column":0},"end":{"line":861,"column":31}},"862":{"start":{"line":862,"column":0},"end":{"line":862,"column":31}},"863":{"start":{"line":863,"column":0},"end":{"line":863,"column":31}},"864":{"start":{"line":864,"column":0},"end":{"line":864,"column":33}},"865":{"start":{"line":865,"column":0},"end":{"line":865,"column":31}},"866":{"start":{"line":866,"column":0},"end":{"line":866,"column":32}},"867":{"start":{"line":867,"column":0},"end":{"line":867,"column":29}},"868":{"start":{"line":868,"column":0},"end":{"line":868,"column":29}},"869":{"start":{"line":869,"column":0},"end":{"line":869,"column":29}},"870":{"start":{"line":870,"column":0},"end":{"line":870,"column":31}},"871":{"start":{"line":871,"column":0},"end":{"line":871,"column":29}},"872":{"start":{"line":872,"column":0},"end":{"line":872,"column":30}},"873":{"start":{"line":873,"column":0},"end":{"line":873,"column":30}},"874":{"start":{"line":874,"column":0},"end":{"line":874,"column":30}},"875":{"start":{"line":875,"column":0},"end":{"line":875,"column":30}},"876":{"start":{"line":876,"column":0},"end":{"line":876,"column":32}},"877":{"start":{"line":877,"column":0},"end":{"line":877,"column":30}},"878":{"start":{"line":878,"column":0},"end":{"line":878,"column":31}},"879":{"start":{"line":879,"column":0},"end":{"line":879,"column":33}},"880":{"start":{"line":880,"column":0},"end":{"line":880,"column":33}},"881":{"start":{"line":881,"column":0},"end":{"line":881,"column":33}},"882":{"start":{"line":882,"column":0},"end":{"line":882,"column":35}},"883":{"start":{"line":883,"column":0},"end":{"line":883,"column":33}},"884":{"start":{"line":884,"column":0},"end":{"line":884,"column":34}},"885":{"start":{"line":885,"column":0},"end":{"line":885,"column":34}},"886":{"start":{"line":886,"column":0},"end":{"line":886,"column":34}},"887":{"start":{"line":887,"column":0},"end":{"line":887,"column":34}},"888":{"start":{"line":888,"column":0},"end":{"line":888,"column":36}},"889":{"start":{"line":889,"column":0},"end":{"line":889,"column":34}},"890":{"start":{"line":890,"column":0},"end":{"line":890,"column":35}},"891":{"start":{"line":891,"column":0},"end":{"line":891,"column":33}},"892":{"start":{"line":892,"column":0},"end":{"line":892,"column":33}},"893":{"start":{"line":893,"column":0},"end":{"line":893,"column":33}},"894":{"start":{"line":894,"column":0},"end":{"line":894,"column":35}},"895":{"start":{"line":895,"column":0},"end":{"line":895,"column":33}},"896":{"start":{"line":896,"column":0},"end":{"line":896,"column":34}},"897":{"start":{"line":897,"column":0},"end":{"line":897,"column":35}},"898":{"start":{"line":898,"column":0},"end":{"line":898,"column":35}},"899":{"start":{"line":899,"column":0},"end":{"line":899,"column":35}},"900":{"start":{"line":900,"column":0},"end":{"line":900,"column":37}},"901":{"start":{"line":901,"column":0},"end":{"line":901,"column":35}},"902":{"start":{"line":902,"column":0},"end":{"line":902,"column":36}},"903":{"start":{"line":903,"column":0},"end":{"line":903,"column":33}},"904":{"start":{"line":904,"column":0},"end":{"line":904,"column":33}},"905":{"start":{"line":905,"column":0},"end":{"line":905,"column":33}},"906":{"start":{"line":906,"column":0},"end":{"line":906,"column":35}},"907":{"start":{"line":907,"column":0},"end":{"line":907,"column":33}},"908":{"start":{"line":908,"column":0},"end":{"line":908,"column":34}},"909":{"start":{"line":909,"column":0},"end":{"line":909,"column":34}},"910":{"start":{"line":910,"column":0},"end":{"line":910,"column":34}},"911":{"start":{"line":911,"column":0},"end":{"line":911,"column":34}},"912":{"start":{"line":912,"column":0},"end":{"line":912,"column":36}},"913":{"start":{"line":913,"column":0},"end":{"line":913,"column":34}},"914":{"start":{"line":914,"column":0},"end":{"line":914,"column":35}},"915":{"start":{"line":915,"column":0},"end":{"line":915,"column":33}},"916":{"start":{"line":916,"column":0},"end":{"line":916,"column":33}},"917":{"start":{"line":917,"column":0},"end":{"line":917,"column":33}},"918":{"start":{"line":918,"column":0},"end":{"line":918,"column":35}},"919":{"start":{"line":919,"column":0},"end":{"line":919,"column":33}},"920":{"start":{"line":920,"column":0},"end":{"line":920,"column":34}},"921":{"start":{"line":921,"column":0},"end":{"line":921,"column":34}},"922":{"start":{"line":922,"column":0},"end":{"line":922,"column":34}},"923":{"start":{"line":923,"column":0},"end":{"line":923,"column":34}},"924":{"start":{"line":924,"column":0},"end":{"line":924,"column":36}},"925":{"start":{"line":925,"column":0},"end":{"line":925,"column":34}},"926":{"start":{"line":926,"column":0},"end":{"line":926,"column":35}},"927":{"start":{"line":927,"column":0},"end":{"line":927,"column":33}},"928":{"start":{"line":928,"column":0},"end":{"line":928,"column":33}},"929":{"start":{"line":929,"column":0},"end":{"line":929,"column":33}},"930":{"start":{"line":930,"column":0},"end":{"line":930,"column":35}},"931":{"start":{"line":931,"column":0},"end":{"line":931,"column":33}},"932":{"start":{"line":932,"column":0},"end":{"line":932,"column":34}},"933":{"start":{"line":933,"column":0},"end":{"line":933,"column":35}},"934":{"start":{"line":934,"column":0},"end":{"line":934,"column":35}},"935":{"start":{"line":935,"column":0},"end":{"line":935,"column":35}},"936":{"start":{"line":936,"column":0},"end":{"line":936,"column":37}},"937":{"start":{"line":937,"column":0},"end":{"line":937,"column":35}},"938":{"start":{"line":938,"column":0},"end":{"line":938,"column":36}},"939":{"start":{"line":939,"column":0},"end":{"line":939,"column":33}},"940":{"start":{"line":940,"column":0},"end":{"line":940,"column":33}},"941":{"start":{"line":941,"column":0},"end":{"line":941,"column":33}},"942":{"start":{"line":942,"column":0},"end":{"line":942,"column":35}},"943":{"start":{"line":943,"column":0},"end":{"line":943,"column":33}},"944":{"start":{"line":944,"column":0},"end":{"line":944,"column":34}},"945":{"start":{"line":945,"column":0},"end":{"line":945,"column":34}},"946":{"start":{"line":946,"column":0},"end":{"line":946,"column":34}},"947":{"start":{"line":947,"column":0},"end":{"line":947,"column":34}},"948":{"start":{"line":9
[...]
"column":0},"end":{"line":1382,"column":27}},"1383":{"start":{"line":1383,"column":0},"end":{"line":1383,"column":25}},"1384":{"start":{"line":1384,"column":0},"end":{"line":1384,"column":25}},"1385":{"start":{"line":1385,"column":0},"end":{"line":1385,"column":25}},"1386":{"start":{"line":1386,"column":0},"end":{"line":1386,"column":27}},"1387":{"start":{"line":1387,"column":0},"end":{"line":1387,"column":25}},"1388":{"start":{"line":1388,"column":0},"end":{"line":1388,"column":26}},"1389":{"start":{"line":1389,"column":0},"end":{"line":1389,"column":26}},"1390":{"start":{"line":1390,"column":0},"end":{"line":1390,"column":26}},"1391":{"start":{"line":1391,"column":0},"end":{"line":1391,"column":26}},"1392":{"start":{"line":1392,"column":0},"end":{"line":1392,"column":28}},"1393":{"start":{"line":1393,"column":0},"end":{"line":1393,"column":26}},"1394":{"start":{"line":1394,"column":0},"end":{"line":1394,"column":27}},"1395":{"start":{"line":1395,"column":0},"end":{"line":1395,"column":25}},"1396":{"start":{"line":1396,"column":0},"end":{"line":1396,"column":25}},"1397":{"start":{"line":1397,"column":0},"end":{"line":1397,"column":25}},"1398":{"start":{"line":1398,"column":0},"end":{"line":1398,"column":27}},"1399":{"start":{"line":1399,"column":0},"end":{"line":1399,"column":25}},"1400":{"start":{"line":1400,"column":0},"end":{"line":1400,"column":26}},"1401":{"start":{"line":1401,"column":0},"end":{"line":1401,"column":27}},"1402":{"start":{"line":1402,"column":0},"end":{"line":1402,"column":27}},"1403":{"start":{"line":1403,"column":0},"end":{"line":1403,"column":27}},"1404":{"start":{"line":1404,"column":0},"end":{"line":1404,"column":29}},"1405":{"start":{"line":1405,"column":0},"end":{"line":1405,"column":27}},"1406":{"start":{"line":1406,"column":0},"end":{"line":1406,"column":28}},"1407":{"start":{"line":1407,"column":0},"end":{"line":1407,"column":25}},"1408":{"start":{"line":1408,"column":0},"end":{"line":1408,"column":25}},"1409":{"start":{"line":1409,"column":0},"end":{"line":1409,"column":25}},"1410":{"start":{"line":1410,"column":0},"end":{"line":1410,"column":27}},"1411":{"start":{"line":1411,"column":0},"end":{"line":1411,"column":25}},"1412":{"start":{"line":1412,"column":0},"end":{"line":1412,"column":26}},"1413":{"start":{"line":1413,"column":0},"end":{"line":1413,"column":26}},"1414":{"start":{"line":1414,"column":0},"end":{"line":1414,"column":26}},"1415":{"start":{"line":1415,"column":0},"end":{"line":1415,"column":26}},"1416":{"start":{"line":1416,"column":0},"end":{"line":1416,"column":28}},"1417":{"start":{"line":1417,"column":0},"end":{"line":1417,"column":26}},"1418":{"start":{"line":1418,"column":0},"end":{"line":1418,"column":27}},"1419":{"start":{"line":1419,"column":0},"end":{"line":1419,"column":27}},"1420":{"start":{"line":1420,"column":0},"end":{"line":1420,"column":27}},"1421":{"start":{"line":1421,"column":0},"end":{"line":1421,"column":27}},"1422":{"start":{"line":1422,"column":0},"end":{"line":1422,"column":29}},"1423":{"start":{"line":1423,"column":0},"end":{"line":1423,"column":27}},"1424":{"start":{"line":1424,"column":0},"end":{"line":1424,"column":28}},"1425":{"start":{"line":1425,"column":0},"end":{"line":1425,"column":28}},"1426":{"start":{"line":1426,"column":0},"end":{"line":1426,"column":28}},"1427":{"start":{"line":1427,"column":0},"end":{"line":1427,"column":28}},"1428":{"start":{"line":1428,"column":0},"end":{"line":1428,"column":30}},"1429":{"start":{"line":1429,"column":0},"end":{"line":1429,"column":28}},"1430":{"start":{"line":1430,"column":0},"end":{"line":1430,"column":29}},"1431":{"start":{"line":1431,"column":0},"end":{"line":1431,"column":27}},"1432":{"start":{"line":1432,"column":0},"end":{"line":1432,"column":27}},"1433":{"start":{"line":1433,"column":0},"end":{"line":1433,"column":27}},"1434":{"start":{"line":1434,"column":0},"end":{"line":1434,"column":29}},"1435":{"start":{"line":1435,"column":0},"end":{"line":1435,"column":27}},"1436":{"start":{"line":1436,"column":0},"end":{"line":1436,"column":28}},"1437":{"start":{"line":1437,"column":0},"end":{"line":1437,"column":29}},"1438":{"start":{"line":1438,"column":0},"end":{"line":1438,"column":29}},"1439":{"start":{"line":1439,"column":0},"end":{"line":1439,"column":29}},"1440":{"start":{"line":1440,"column":0},"end":{"line":1440,"column":31}},"1441":{"start":{"line":1441,"column":0},"end":{"line":1441,"column":29}},"1442":{"start":{"line":1442,"column":0},"end":{"line":1442,"column":30}},"1443":{"start":{"line":1443,"column":0},"end":{"line":1443,"column":27}},"1444":{"start":{"line":1444,"column":0},"end":{"line":1444,"column":27}},"1445":{"start":{"line":1445,"column":0},"end":{"line":1445,"column":27}},"1446":{"start":{"line":1446,"column":0},"end":{"line":1446,"column":29}},"1447":{"start":{"line":1447,"column":0},"end":{"line":1447,"column":27}},"1448":{"start":{"line":1448,"column":0},"end":{"line":1448,"column":28}},"1449":{"start":{"line":1449,"column":0},"end":{"line":1449,"column":28}},"1450":{"start":{"line":1450,"column":0},"end":{"line":1450,"column":28}},"1451":{"start":{"line":1451,"column":0},"end":{"line":1451,"column":28}},"1452":{"start":{"line":1452,"column":0},"end":{"line":1452,"column":30}},"1453":{"start":{"line":1453,"column":0},"end":{"line":1453,"column":28}},"1454":{"start":{"line":1454,"column":0},"end":{"line":1454,"column":29}},"1455":{"start":{"line":1455,"column":0},"end":{"line":1455,"column":25}},"1456":{"start":{"line":1456,"column":0},"end":{"line":1456,"column":25}},"1457":{"start":{"line":1457,"column":0},"end":{"line":1457,"column":25}},"1458":{"start":{"line":1458,"column":0},"end":{"line":1458,"column":27}},"1459":{"start":{"line":1459,"column":0},"end":{"line":1459,"column":25}},"1460":{"start":{"line":1460,"column":0},"end":{"line":1460,"column":26}},"1461":{"start":{"line":1461,"column":0},"end":{"line":1461,"column":26}},"1462":{"start":{"line":1462,"column":0},"end":{"line":1462,"column":26}},"1463":{"start":{"line":1463,"column":0},"end":{"line":1463,"column":26}},"1464":{"start":{"line":1464,"column":0},"end":{"line":1464,"column":28}},"1465":{"start":{"line":1465,"column":0},"end":{"line":1465,"column":26}},"1466":{"start":{"line":1466,"column":0},"end":{"line":1466,"column":27}},"1467":{"start":{"line":1467,"column":0},"end":{"line":1467,"column":25}},"1468":{"start":{"line":1468,"column":0},"end":{"line":1468,"column":25}},"1469":{"start":{"line":1469,"column":0},"end":{"line":1469,"column":25}},"1470":{"start":{"line":1470,"column":0},"end":{"line":1470,"column":27}},"1471":{"start":{"line":1471,"column":0},"end":{"line":1471,"column":25}},"1472":{"start":{"line":1472,"column":0},"end":{"line":1472,"column":26}},"1473":{"start":{"line":1473,"column":0},"end":{"line":1473,"column":27}},"1474":{"start":{"line":1474,"column":0},"end":{"line":1474,"column":27}},"1475":{"start":{"line":1475,"column":0},"end":{"line":1475,"column":27}},"1476":{"start":{"line":1476,"column":0},"end":{"line":1476,"column":29}},"1477":{"start":{"line":1477,"column":0},"end":{"line":1477,"column":27}},"1478":{"start":{"line":1478,"column":0},"end":{"line":1478,"column":28}},"1479":{"start":{"line":1479,"column":0},"end":{"line":1479,"column":25}},"1480":{"start":{"line":1480,"column":0},"end":{"line":1480,"column":25}},"1481":{"start":{"line":1481,"column":0},"end":{"line":1481,"column":25}},"1482":{"start":{"line":1482,"column":0},"end":{"line":1482,"column":27}},"1483":{"start":{"line":1483,"column":0},"end":{"line":1483,"column":25}},"1484":{"start":{"line":1484,"column":0},"end":{"line":1484,"column":26}},"1485":{"start":{"line":1485,"column":0},"end":{"line":1485,"column":26}},"1486":{"start":{"line":1486,"column":0},"end":{"line":1486,"column":26}},"1487":{"start":{"line":1487,"column":0},"end":{"line":1487,"column":26}},"1488":{"start":{"line":1488,"column":0},"end":{"line":1488,"column":28}},"1489":{"start":{"line":1489,"column":0},"end":{"line":1489,"column":26}},"1490":{"start":{"line":1490,"column":0},"end":{"line":1490,"column":27}},"1491":{"start":{"line":1491,"column":0},"end":{"line":1491,"column":25}},"1492":{"start":{"line":1492,"column":0},"end":{"line":1492,"column":25}},"1493":{"start":{"line":1493,"column":0},"end":{"line":1493,"column":25}},"1494":{"start":{"line":1494,"column":0},"end":{"line":1494,"column":27}},"1495":{"start":{"line":1495,"column":0},"end":{"line":1495,"column":25}},"1496":{"start":{"line":1496,"column":0},"end":{"line":1496,"column":26}},"1497":{"start":{"line":1497,"column":0},"end":{"line":1497,"column":26}},"1498":{"start":{"line":1498,"column":0},"end":{"line":1498,"column":26}},"1499":{"start":{"line":1499,"column":0},"end":{"line":1499,"column":26}},"1500":{"start":{"line":1500,"column":0},"end":{"line":1500,"column":28}},"1501":{"start":{"line":1501,"column":0},"end":{"line":1501,"column":26}},"1502":{"start":{"line":1502,"column":0},"end":{"line":1502,"column":27}},"1503":{"start":{"line":1503,"column":0},"end":{"line":1503,"column":25}},"1504":{"start":{"line":1504,"column":0},"end":{"line":1504,"column":25}},"1505":{"start":{"line":1505,"column":0},"end":{"line":1505,"column":25}},"1506":{"start":{"line":1506,"column":0},"end":{"line":1506,"column":27}},"1507":{"start":{"line":1507,"column":0},"end":{"line":1507,"column":25}},"1508":{"start":{"line":1508,"column":0},"end":{"line":1508,"column":26}},"1509":{"start":{"line":1509,"column":0},"end":{"line":1509,"column":27}},"1510":{"start":{"line":1510,"column":0},"end":{"line":1510,"column":27}},"1511":{"start":{"line":1511,"column":0},"end":{"line":1511,"column":27}},"1512":{"start":{"line":1512,"column":0},"end":{"line":1512,"column":29}},"1513":{"start":{"line":1513,"column":0},"end":{"line":1513,"column":27}},"1514":{"start":{"line":1514,"column":0},"end":{"line":1514,"column":28}},"1515":{"start":{"line":1515,"column":0},"end":{"line":1515,"column":25}},"1516":{"start":{"line":1516,"column":0},"end":{"line":1516,"column":25}},"1517":{"start":{"line":1517,"column":0},"end":{"line":1517,"column":25}},"1518":{"start":{"line":1518,"column":0},"end":{"line":1518,"column":27}},"1519":{"start":{"line":1519,"column":0},"end":{"line":1519,"column":25}},"1520":{"start":{"line":1520,"column":0},"end":{"line":1520,"column":26}},"1521":{"start":{"line":1521,"column":0},"end":{"line":1521,"column":26}},"1522":{"start":{"line":1522,"column":0},"end":{"line":1522,"column":26}},"1523":{"start":{"line":1523,"column":0},"end":{"line":1523,"column":26}},"1524":{"start":{"line":1524,"column":0},"end":{"line":1524,"column":28}},"1525":{"start":{"line":1525,"column":0},"end":{"line":1525,"column":26}},"1526":{"start":{"line":1526,"column":0},"end":{"line":1526,"column":27}},"1527":{"start":{"line":1527,"column":0},"end":{"line":1527,"column":56}},"1528":{"start":{"line":1528,"column":1},"end":{"line":1528,"column":57}},"1529":{"start":{"line":1529,"column":0},"end":{"line":1529,"column":15}},"1530":{"start":{"line":1530,"column":0},"end":{"line":1530,"column":90}},"1531":{"start":{"line":1531,"column":1},"end":{"line":1531,"column":57}},"1532":{"start":{"line":1532,"column":0},"end":{"line":1532,"column":15}},"1533":{"start":{"line":1533,"column":0},"end":{"line":1533,"column":9}},"1534":{"start":{"line":1534,"column":1},"end":{"line":1534,"column":57}},"1535":{"start":{"line":1535,"column":0},"end":{"line":1535,"column":15}},"1536":{"start":{"line":1536,"column":0},"end":{"line":1536,"column":68}},"1537":{"start":{"line":1537,"column":1},"end":{"line":1537,"column":57}},"1538":{"start":{"line":1538,"column":0},"end":{"line":1538,"column":15}},"1539":{"start":{"line":1539,"column":0},"end":{"line":1539,"column":78}},"1540":{"start":{"line":1540,"column":1},"end":{"line":1540,"column":57}},"1541":{"start":{"line":1541,"column":0},"end":{"line":1541,"column":15}},"1542":{"start":{"line":1542,"column":0},"end":{"line":1542,"column":22}},"1543":{"start":{"line":1543,"column":0},"end":{"line":1543,"column":52}},"1544":{"start":{"line":1544,"column":0},"end":{"line":1544,"column":69}},"1545":{"start":{"line":1545,"column":0},"end":{"line":1545,"column":56}},"1546":{"start":{"line":1546,"column":0},"end":{"line":1546,"column":25}},"1547":{"start":{"line":1547,"column":0},"end":{"line":1547,"column":49}},"1548":{"start":{"line":1548,"column":0},"end":{"line":1548,"column":66}},"1549":{"start":{"line":1549,"column":0},"end":{"line":1549,"column":63}},"1550":{"start":{"line":1550,"column":0},"end":{"line":1550,"column":28}},"1551":{"start":{"line":1551,"column":0},"end":{"line":1551,"column":58}},"1552":{"start":{"line":1552,"column":0},"end":{"line":1552,"column":75}},"1553":{"start":{"line":1553,"column":0},"end":{"line":1553,"column":63}},"1554":{"start":{"line":1554,"column":0},"end":{"line":1554,"column":38}}},"branchMap":{}},"/home/divya/Downloads/TestGenerationHW/TestGeneration/subject.js":{"path":"/home/divya/Downloads/TestGenerationHW/TestGeneration/subject.js","s":{"1":1,"2":1,"3":12,"4":6,"5":12,"6":2,"7":12,"8":1,"9":1512,"10":42,"11":1470,"12":490,"13":140,"14":350,"15":70,"16":980,"17":700,"18":602,"19":1,"20":5,"21":1,"22":4,"23":4,"24":1,"25":3,"26":2,"27":2,"28":1,"29":1,"30":1,"31":12,"32":1,"33":9,"34":8,"35":9,"36":86,"37":9,"38":1,"39":5,"40":5,"41":5,"42":1,"43":4,"44":1,"45":1,"46":1,"47":1,"48":1,"49":1},"b":{"1":[6,6],"2":[2,10],"3":[42,1470],"4":[1512,252],"5":[490,980],"6":[140,350],"7":[70,280],"8":[700,280],"9":[1,4],"10":[1,3],"11":[2,1],"12":[1,1],"13":[8,1],"14":[9,1],"15":[1,4]},"f":{"1":12,"2":1512,"3":5,"4":12,"5":9,"6":5},"fnMap":{"1":{"name":"inc","line":3,"loc":{"start":{"line":3,"column":0},"end":{"line":3,"column":18}}},"2":{"name":"weird","line":12,"loc":{"start":{"line":12,"column":0},"end":{"line":13,"column":0}}},"3":{"name":"fileTest","line":40,"loc":{"start":{"line":40,"column":0},"end":{"line":41,"column":0}}},"4":{"name":"normalize","line":64,"loc":{"start":{"line":64,"column":0},"end":{"line":64,"column":32}}},"5":{"name":"format","line":73,"loc":{"start":{"line":73,"column":0},"end":{"line":74,"column":0}}},"6":{"name":"blackListNumber","line":88,"loc":{"start":{"line":88,"column":0},"end":{"line":89,"column":0}}}},"statementMap":{"1":{"start":{"line":1,"column":0},"end":{"line":1,"column":23}},"2":{"start":{"line":3,"column":0},"end":{"line":10,"column":1}},"3":{"start":{"line":4,"column":3},"end":{"line":4,"column":26}},"4":{"start":{"line":4,"column":21},"end":{"line":4,"column":26}},"5":{"start":{"line":5,"column":3},"end":{"line":8,"column":4}},"6":{"start":{"line":7,"column":4},"end":{"line":7,"column":11}},"7":{"start":{"line":9,"column":3},"end":{"line":9,"column":18}},"8":{"start":{"line":12,"column":0},"end":{"line":37,"column":1}},"9":{"start":{"line":14,"column":4},"end":{"line":35,"column":5}},"10":{"start":{"line":16,"column":8},"end":{"line":16,"column":15}},"11":{"start":{"line":18,"column":9},"end":{"line":35,"column":5}},"12":{"start":{"line":20,"column":8},"end":{"line":27,"column":9}},"13":{"start":{"line":22,"column":12},"end":{"line":22,"column":21}},"14":{"start":{"line":24,"column":13},"end":{"line":27,"column":9}},"15":{"start":{"line":26,"column":12},"end":{"line":26,"column":21}},"16":{"start":{"line":31,"column":8},"end":{"line":34,"column":9}},"17":{"start":{"line":33,"column":12},"end":{"line":33,"column":29}},"18":{"start":{"line":36,"column":4},"end":{"line":36,"column":13}},"19":{"start":{"line":40,"column":0},"end":{"line":62,"column":1}},"20":{"start":{"line":42,"column":1},"end":{"line":45,"column":5}},"21":{"start":{"line":44,"column":8},"end":{"line":44,"column":21}},"22":{"start":{"line":47,"column":4},"end":{"line":47,"column":36}},"23":{"start":{"line":48,"column":4},"end":{"line":51,"column":5}},"24":{"start":{"line":50,"column":8},"end":{"line":50,"column":21}},"25":{"start":{"line":53,"column":3},"end":{"line":61,"column":2}},"26":{"start":{"line":55,"column":2},"end":{"line":55,"column":46}},"27":{"start":{"line":56,"column":2},"end":{"line":59,"column":3}},"28":{"start":{"line":58,"column":3},"end":{"line":58,"column":15}},"29":{"start":{"line":60,"column":2},"end":{"line":60,"column":15}},"30":{"start":{"line":64,"column":0},"end":{"line":71,"column":1}},"31":{"start":{"line":66,"column":4},"end":{"line":69,"column":6}},"32":{"start":{"line":73,"column":0},"end":{"line":86,"column":1}},"33":{"start":{"line":76,"column":4},"end":{"line":78,"column":5}},"34":{"start":{"line":77,"column":6},"end":{"line":77,"column":42}},"35":{"start":{"line":80,"column":4},"end":{"line":82,"column":5}},"36":{"start":{"line":81,"column":6},"end":{"line":81,"column":63}},"37":{"start":{"line":84,"column":4},"end":{"line":84,"column":24}},"38":{"start":{"line":88,"column":0},"end":{"line":97,"column":1}},"39":{"start":{"line":90,"column":1},"end":{"line":90,"column":49}},"40":{"start":{"line":91,"column":1},"end":{"line":91,"column":31}},"41":{"start":{"line":92,"column":1},"end":{"line":95,"column":2}},"42":{"start":{"line":94,"column":2},"end":{"line":94,"column":14}},"43":{"start":{"line":96,"column":1},"end":{"line":96,"column":14}},"44":{"start":{"line":99,"column":0},"end":{"line":99,"column":28}},"45":{"start":{"line":100,"column":0},"end":{"line":100,"column":30}},"46":{"start":{"line":101,"column":0},"end":{"line":101,"column":24}},"47":{"start":{"line":102,"column":0},"end":{"line":102,"column":18}},"48":{"start":{"line":103,"column":0},"end":{"line":103,"column":22}},"49":{"start":{"line":104,"column":0},"end":{"line":104,"column":42}}},"branchMap":{"1":{"line":4,"type":"if","locations":[{"start":{"line":4,"column":3},"end":{"line":4,"column":3}},{"start":{"line":4,"column":3},"end":{"line":4,"column":3}}]},"2":{"line":5,"type":"if","locations":[{"start":{"line":5,"column":3},"end":{"line":5,"column":3}},{"start":{"line":5,"column":3},"end":{"line":5,"column":3}}]},"3":{"line":14,"type":"if","locations":[{"start":{"line":14,"column":4},"end":{"line":14,"column":4}},{"start":{"line":14,"column":4},"end":{"line":14,"column":4}}]},"4":{"line":14,"type":"binary-expr","locations":[{"start":{"line":14,"column":8},"end":{"line":14,"column":13}},{"start":{"line":14,"column":17},"end":{"line":14,"column":22}}]},"5":{"line":18,"type":"if","locations":[{"start":{"line":18,"column":9},"end":{"line":18,"column":9}},{"start":{"line":18,"column":9},"end":{"line":18,"column":9}}]},"6":{"line":20,"type":"if","locations":[{"start":{"line":20,"column":8},"end":{"line":20,"column":8}},{"start":{"line":20,"column":8},"end":{"line":20,"column":8}}]},"7":{"line":24,"type":"if","locations":[{"start":{"line":24,"column":13},"end":{"line":24,"column":13}},{"start":{"line":24,"column":13},"end":{"line":24,"column":13}}]},"8":{"line":31,"type":"if","locations":[{"start":{"line":31,"column":8},"end":{"line":31,"column":8}},{"start":{"line":31,"column":8},"end":{"line":31,"column":8}}]},"9":{"line":42,"type":"if","locations":[{"start":{"line":42,"column":1},"end":{"line":42,"column":1}},{"start":{"line":42,"column":1},"end":{"line":42,"column":1}}]},"10":{"line":48,"type":"if","locations":[{"start":{"line":48,"column":4},"end":{"line":48,"column":4}},{"start":{"line":48,"column":4},"end":{"line":48,"column":4}}]},"11":{"line":53,"type":"if","locations":[{"start":{"line":53,"column":3},"end":{"line":53,"column":3}},{"start":{"line":53,"column":3},"end":{"line":53,"column":3}}]},"12":{"line":56,"type":"if","locations":[{"start":{"line":56,"column":2},"end":{"line":56,"column":2}},{"start":{"line":56,"column":2},"end":{"line":56,"column":2}}]},"13":{"line":76,"type":"if","locations":[{"start":{"line":76,"column":4},"end":{"line":76,"column":4}},{"start":{"line":76,"column":4},"end":{"line":76,"column":4}}]},"14":{"line":76,"type":"binary-expr","locations":[{"start":{"line":76,"column":8},"end":{"line":76,"column":16}},{"start":{"line":76,"column":20},"end":{"line":76,"column":38}}]},"15":{"line":92,"type":"if","locations":[{"start":{"line":92,"column":1},"end":{"line":92,"column":1}},{"start":{"line":92,"column":1},"end":{"line":92,"column":1}}]}}}}